[00:39:04] [main/INFO] ========================================
[00:39:04] [main/INFO] Minecraft: 1.21.1
[00:39:04] [main/INFO] Side: server
[00:39:04] [main/INFO] Development: false
[00:39:04] [main/INFO] Version: 16.0.783
[00:39:04] [main/INFO] Loader:
[00:39:04] [main/INFO] - Fabric: 0.16.3
[00:39:04] [main/INFO] - Fabric API: 0.106.0+1.21.1
[00:39:04] [main/INFO] Dependencies:
[00:39:04] [main/INFO] - Cloth Config: 15.0.140
[00:39:04] [main/INFO] - Architectury: 13.0.6
[00:39:04] [main/INFO] Mixin: 0.8.7
[00:39:04] [main/INFO] OS: Linux 6.8.0-1026-azure (amd64)
[00:39:04] [main/INFO] Java: 21.0.6 (Ubuntu)
[00:39:04] [main/INFO] ========================================
[00:39:04] [main/INFO] Mods:
[00:39:04] [main/INFO] - accessories: 1.1.0-beta.16+1.21.1
[00:39:04] [main/INFO] - actualfishing: 1.0.1
[00:39:04] [main/INFO] - aether: 1.5.1-beta.5
[00:39:04] [main/INFO] - appleskin: 3.0.5+mc1.21
[00:39:04] [main/INFO] - archers: 2.2.0+1.21.1
[00:39:04] [main/INFO] - architectury: 13.0.6
[00:39:04] [main/INFO] - azurelibarmor: 2.3.15
[00:39:04] [main/INFO] - balm-fabric: 21.0.20
[00:39:04] [main/INFO] - bclib: 21.0.13
[00:39:04] [main/INFO] - bettercombat: 2.0.4+1.21.1
[00:39:04] [main/INFO] - betterend: 21.0.11
[00:39:04] [main/INFO] - betternether: 21.0.11
[00:39:04] [main/INFO] - betterstats: 3.13.2+fabric-1.21
[00:39:04] [main/INFO] - blue_endless_jankson: 1.2.3
[00:39:04] [main/INFO] - cardinal-components-base: 6.1.0
[00:39:04] [main/INFO] - cardinal-components-entity: 6.1.0
[00:39:04] [main/INFO] - cleanview: 1.21.1-v1-fabric
[00:39:04] [main/INFO] - clienttweaks: 21.1.1
[00:39:04] [main/INFO] - cloth-basic-math: 0.6.1
[00:39:04] [main/INFO] - cloth-config: 15.0.140
[00:39:04] [main/INFO] - cloth-config: 15.0.140
[00:39:04] [main/INFO] - collective: 7.84
[00:39:04] [main/INFO] - com_electronwill_night-config_core: 3.8.0
[00:39:04] [main/INFO] - com_electronwill_night-config_toml: 3.8.0
[00:39:04] [main/INFO] - com_github_zsoltmolnarrr_tinyconfig: 2.3.2
[00:39:04] [main/INFO] - com_google_code_findbugs_jsr305: 3.0.2
[00:39:04] [main/INFO] - com_teamresourceful_bytecodecs: 1.1.0
[00:39:04] [main/INFO] - com_teamresourceful_yabn: 1.0.3
[00:39:04] [main/INFO] - com_twelvemonkeys_common_common-image: 3.12.0
[00:39:04] [main/INFO] - com_twelvemonkeys_common_common-io: 3.12.0
[00:39:04] [main/INFO] - com_twelvemonkeys_common_common-lang: 3.12.0
[00:39:04] [main/INFO] - com_twelvemonkeys_imageio_imageio-core: 3.12.0
[00:39:04] [main/INFO] - com_twelvemonkeys_imageio_imageio-metadata: 3.12.0
[00:39:04] [main/INFO] - com_twelvemonkeys_imageio_imageio-webp: 3.12.0
[00:39:04] [main/INFO] - com_velocitypowered_velocity-native: 3.3.0-SNAPSHOT
[00:39:04] [main/INFO] - combat-plus-core: 3.1.0+1.21
[00:39:04] [main/INFO] - combat_roll: 2.0.2+1.21.1
[00:39:04] [main/INFO] - common-protection-api: 1.0.0
[00:39:04] [main/INFO] - controlify: 2.0.0-beta.17+1.21-fabric
[00:39:04] [main/INFO] - craterlib: 2.1.1
[00:39:04] [main/INFO] - cumulus_menus: 2.0.0
[00:39:04] [main/INFO] - darkness: 1.1.3
[00:39:04] [main/INFO] - debugify: 1.21.1+1.0
[00:39:04] [main/INFO] - dev_isxander_libsdl4j: 3.preview-3.1.3-46
[00:39:04] [main/INFO] - dev_isxander_steamdeck4j: 1.1.6
[00:39:04] [main/INFO] - duckling: 5.0.1
[00:39:04] [main/INFO] - dynamiccrosshair: 9.3
[00:39:04] [main/INFO] - dynamiccrosshair-api: 1.1
[00:39:04] [main/INFO] - e4mc_minecraft: 5.2.1
[00:39:04] [main/INFO] - eg_particle_interactions: 0.4
[00:39:04] [main/INFO] - elevatorid: 1.21-1.11.1
[00:39:04] [main/INFO] - error_notifier: 1.0.11
[00:39:04] [main/INFO] - eternal_starlight: 0.2.1+1.21.1+fabric
[00:39:04] [main/INFO] - extended-enchanting: 2.0.0+1.21
[00:39:04] [main/INFO] - fabric-api: 0.106.0+1.21.1
[00:39:04] [main/INFO] - fabric-api: 0.106.0+1.21.1
[00:39:04] [main/INFO] - fabric-api-base: 0.4.42+6573ed8c19
[00:39:04] [main/INFO] - fabric-api-lookup-api-v1: 1.6.68+b559734419
[00:39:04] [main/INFO] - fabric-biome-api-v1: 13.0.29+5bd9f1bc19
[00:39:04] [main/INFO] - fabric-block-api-v1: 1.0.22+0af3f5a719
[00:39:04] [main/INFO] - fabric-block-view-api-v2: 1.0.10+6573ed8c19
[00:39:04] [main/INFO] - fabric-command-api-v1: 1.2.49+f71b366f19
[00:39:04] [main/INFO] - fabric-command-api-v2: 2.2.28+6ced4dd919
[00:39:04] [main/INFO] - fabric-commands-v0: 0.2.66+df3654b319
[00:39:04] [main/INFO] - fabric-content-registries-v0: 8.0.16+b559734419
[00:39:04] [main/INFO] - fabric-convention-tags-v1: 2.1.0+7f945d5b19
[00:39:04] [main/INFO] - fabric-convention-tags-v2: 2.9.0+83a9d31319
[00:39:04] [main/INFO] - fabric-crash-report-info-v1: 0.2.29+0af3f5a719
[00:39:04] [main/INFO] - fabric-data-attachment-api-v1: 1.1.28+1daea21519
[00:39:04] [main/INFO] - fabric-data-generation-api-v1: 20.2.21+16c4ae2519
[00:39:04] [main/INFO] - fabric-dimensions-v1: 4.0.0+6fc22b9919
[00:39:04] [main/INFO] - fabric-entity-events-v1: 1.7.0+2122d82819
[00:39:04] [main/INFO] - fabric-events-interaction-v0: 0.7.13+ba9dae0619
[00:39:04] [main/INFO] - fabric-game-rule-api-v1: 1.0.53+6ced4dd919
[00:39:04] [main/INFO] - fabric-item-api-v1: 11.1.0+d5debaed19
[00:39:04] [main/INFO] - fabric-item-group-api-v1: 4.1.5+3fc0e55219
[00:39:04] [main/INFO] - fabric-language-kotlin: 1.12.3+kotlin.2.0.21
[00:39:04] [main/INFO] - fabric-lifecycle-events-v1: 2.3.12+6c1df36019
[00:39:04] [main/INFO] - fabric-loot-api-v2: 3.0.14+3f89f5a519
[00:39:04] [main/INFO] - fabric-loot-api-v3: 1.0.2+3f89f5a519
[00:39:04] [main/INFO] - fabric-message-api-v1: 6.0.13+6573ed8c19
[00:39:04] [main/INFO] - fabric-networking-api-v1: 4.3.0+c7469b2119
[00:39:04] [main/INFO] - fabric-object-builder-api-v1: 15.2.0+40875a9319
[00:39:04] [main/INFO] - fabric-particles-v1: 4.0.2+6573ed8c19
[00:39:04] [main/INFO] - fabric-permissions-api-v0: 0.3.1
[00:39:04] [main/INFO] - fabric-recipe-api-v1: 5.0.13+6508971219
[00:39:04] [main/INFO] - fabric-registry-sync-v0: 5.1.3+60c3209b19
[00:39:04] [main/INFO] - fabric-rendering-data-attachment-v1: 0.3.48+73761d2e19
[00:39:04] [main/INFO] - fabric-rendering-fluids-v1: 3.1.6+1daea21519
[00:39:04] [main/INFO] - fabric-resource-conditions-api-v1: 4.3.0+8dc279b119
[00:39:04] [main/INFO] - fabric-resource-loader-v0: 1.3.0+5659912919
[00:39:04] [main/INFO] - fabric-screen-handler-api-v1: 1.3.87+b559734419
[00:39:04] [main/INFO] - fabric-transfer-api-v1: 5.4.0+95bead5f19
[00:39:04] [main/INFO] - fabric-transitive-access-wideners-v1: 6.1.0+1daea21519
[00:39:04] [main/INFO] - fabricloader: 0.16.3
[00:39:04] [main/INFO] - fallingtree: 1.21.1.2
[00:39:04] [main/INFO] - ferritecore: 7.0.1
[00:39:04] [main/INFO] - folk_sisby_kaleido-config: 0.3.1+1.3.1
[00:39:04] [main/INFO] - forgeconfigapiport: 21.1.1
[00:39:04] [main/INFO] - formations: 1.0.2
[00:39:04] [main/INFO] - formationsoverworld: 1.0.4
[00:39:04] [main/INFO] - framework: 0.9.4
[00:39:04] [main/INFO] - ftblibrary: 2101.1.7
[00:39:04] [main/INFO] - ftbultimine: 2101.1.1
[00:39:04] [main/INFO] - furnish: 27
[00:39:04] [main/INFO] - fzzy_config: 0.5.5+1.21
[00:39:04] [main/INFO] - geckolib: 4.7.3
[00:39:04] [main/INFO] - hangglider: 21.1.0
[00:39:04] [main/INFO] - hopobettermineshaft: 1.2.8
[00:39:04] [main/INFO] - hopobetterruinedportal: 1.4.4
[00:39:04] [main/INFO] - iceberg: 1.2.6
[00:39:04] [main/INFO] - io_wispforest_endec: 0.1.5
[00:39:04] [main/INFO] - io_wispforest_endec_gson: 0.1.3
[00:39:04] [main/INFO] - io_wispforest_endec_jankson: 0.1.3
[00:39:04] [main/INFO] - io_wispforest_endec_netty: 0.1.2
[00:39:04] [main/INFO] - itemswapper: 0.7.1
[00:39:04] [main/INFO] - java: 21
[00:39:04] [main/INFO] - jewelry: 2.0.2+1.21.1
[00:39:04] [main/INFO] - krypton: 0.2.8
[00:39:04] [main/INFO] - kuma_api: 21.0.5-SNAPSHOT
[00:39:04] [main/INFO] - lilylib: 1.3.0+1.21
[00:39:04] [main/INFO] - lithium: 0.14.0-snapshot+mc1.21.1-build.88
[00:39:04] [main/INFO] - medieval_buildings: 1.0.2
[00:39:04] [main/INFO] - minecraft: 1.21.1
[00:39:04] [main/INFO] - mixinextras: 0.5.0-beta.3
[00:39:04] [main/INFO] - mixintrace: 1.1.1+1.17
[00:39:04] [main/INFO] - mm_shedaniel: 2.4.1
[00:39:04] [main/INFO] - modernfix: 5.19.3+mc1.21.1
[00:39:04] [main/INFO] - mr_dungeons_andtavernsdeserttemplereplacement: 1-v1.2
[00:39:04] [main/INFO] - mr_dungeons_andtavernsendcastlestandalone: 1-v1.1
[00:39:04] [main/INFO] - mr_dungeons_andtavernsjungletemplereplacement: 1-v1.2
[00:39:04] [main/INFO] - mr_dungeons_andtavernsoceanmonumentreplacement: 1-v1.2
[00:39:04] [main/INFO] - mr_dungeons_andtavernswoodlandmansionreplacement: 1-v1.2
[00:39:04] [main/INFO] - mr_tpa: 1.3.1
[00:39:04] [main/INFO] - mr_wither_shrines: 1.1.1
[00:39:04] [main/INFO] - net_fabricmc_mapping-io: 0.6.1
[00:39:04] [main/INFO] - net_peanuuutz_tomlkt_tomlkt-jvm: 0.3.7
[00:39:04] [main/INFO] - nitrogen_internals: 1.1.21
[00:39:04] [main/INFO] - nochatreports: 1.21-v2.8.0
[00:39:04] [main/INFO] - noisium: 2.3.0+mc1.21-1.21.1
[00:39:04] [main/INFO] - notenoughanimations: 1.7.6
[00:39:04] [main/INFO] - org_antlr_antlr4-runtime: 4.11.1
[00:39:04] [main/INFO] - org_checkerframework_checker-qual: 3.21.2
[00:39:04] [main/INFO] - org_hid4java_hid4java: 0.8.0
[00:39:04] [main/INFO] - org_javassist_javassist: 3.29.2-GA
[00:39:04] [main/INFO] - org_jetbrains_kotlin_kotlin-reflect: 2.0.21
[00:39:04] [main/INFO] - org_jetbrains_kotlin_kotlin-stdlib: 2.0.21
[00:39:04] [main/INFO] - org_jetbrains_kotlin_kotlin-stdlib-jdk7: 2.0.21
[00:39:04] [main/INFO] - org_jetbrains_kotlin_kotlin-stdlib-jdk8: 2.0.21
[00:39:04] [main/INFO] - org_jetbrains_kotlinx_atomicfu-jvm: 0.25.0
[00:39:04] [main/INFO] - org_jetbrains_kotlinx_kotlinx-coroutines-core-jvm: 1.9.0
[00:39:04] [main/INFO] - org_jetbrains_kotlinx_kotlinx-coroutines-jdk8: 1.9.0
[00:39:04] [main/INFO] - org_jetbrains_kotlinx_kotlinx-datetime-jvm: 0.6.1
[00:39:04] [main/INFO] - org_jetbrains_kotlinx_kotlinx-io-bytestring-jvm: 0.5.4
[00:39:04] [main/INFO] - org_jetbrains_kotlinx_kotlinx-io-core-jvm: 0.5.4
[00:39:04] [main/INFO] - org_jetbrains_kotlinx_kotlinx-serialization-cbor-jvm: 1.7.3
[00:39:04] [main/INFO] - org_jetbrains_kotlinx_kotlinx-serialization-core-jvm: 1.7.3
[00:39:04] [main/INFO] - org_jetbrains_kotlinx_kotlinx-serialization-json-jvm: 1.7.3
[00:39:04] [main/INFO] - org_quiltmc_parsers_gson: 0.3.0
[00:39:04] [main/INFO] - org_quiltmc_parsers_json: 0.3.0
[00:39:04] [main/INFO] - org_reflections_reflections: 0.10.2
[00:39:04] [main/INFO] - org_tomlj_tomlj: 1.1.1
[00:39:04] [main/INFO] - owo: 0.12.15+1.21
[00:39:04] [main/INFO] - packet_tweaker: 0.5.5+1.21
[00:39:04] [main/INFO] - paladins: 2.2.0+1.21.1
[00:39:04] [main/INFO] - persistentinventorysearch: 1.5
[00:39:04] [main/INFO] - placeholder-api: 2.4.1+1.21
[00:39:04] [main/INFO] - playeranimator: 2.0.1+1.21.1
[00:39:04] [main/INFO] - polymer-common: 0.9.14+1.21.1
[00:39:04] [main/INFO] - polymer-core: 0.9.14+1.21.1
[00:39:04] [main/INFO] - polymer-networking: 0.9.14+1.21.1
[00:39:04] [main/INFO] - polymer-registry-sync-manipulator: 0.9.14+1.21.1
[00:39:04] [main/INFO] - polymer-resource-pack: 0.9.14+1.21.1
[00:39:04] [main/INFO] - polymer-virtual-entity: 0.9.14+1.21.1
[00:39:04] [main/INFO] - predicate-api: 0.5.1+1.21
[00:39:04] [main/INFO] - puzzleslib: 21.1.24
[00:39:04] [main/INFO] - ranged_weapon_api: 2.0.4+1.21.1
[00:39:04] [main/INFO] - refurbished_furniture: 1.0.8
[00:39:04] [main/INFO] - resourcefullib: 3.0.0
[00:39:04] [main/INFO] - rogues: 2.2.0+1.21.1
[00:39:04] [main/INFO] - roughlyenoughitems: 16.0.783
[00:39:04] [main/INFO] - runes: 1.0.3+1.21.1
[00:39:04] [main/INFO] - scalablelux: 0.1.0+fabric.26c6e72
[00:39:04] [main/INFO] - server_translations_api: 2.3.1+1.21-pre2
[00:39:04] [main/INFO] - sgui: 1.6.0+1.21
[00:39:04] [main/INFO] - shield_api: 2.0.2+1.21.1
[00:39:04] [main/INFO] - shulkerboxtooltip: 5.1.1+1.21.1
[00:39:04] [main/INFO] - simplerpc: 3.3.3
[00:39:04] [main/INFO] - skinlayers3d: 1.6.7
[00:39:04] [main/INFO] - spell_engine: 1.2.0+1.21.1
[00:39:04] [main/INFO] - spell_power: 1.0.7+1.21.1
[00:39:04] [main/INFO] - spellbound_weapons_mr: 4.1.0c
[00:39:04] [main/INFO] - stackdeobfuscator: 1.4.3+08e71cc
[00:39:04] [main/INFO] - stackdeobfuscator-common: 1.4.3+08e71cc
[00:39:04] [main/INFO] - strayed_fates_forsaken: 1-v2.0.0.2
[00:39:04] [main/INFO] - structory: 1.3.9
[00:39:04] [main/INFO] - structory_towers: 1.0.10
[00:39:04] [main/INFO] - structure_pool_api: 1.1.3+1.21.1
[00:39:04] [main/INFO] - suggestion_tweaker: 1.20.6-1.5.2
[00:39:04] [main/INFO] - tcdcommons: 3.12.3+fabric-1.21
[00:39:04] [main/INFO] - threadtweak: 0.1.5+mc1.21.1
[00:39:04] [main/INFO] - totw_modded: fabric-1.21-1.0.5
[00:39:04] [main/INFO] - trade_cycling: 1.21.1-1.0.15
[00:39:04] [main/INFO] - travelersbackpack: 10.1.6
[00:39:04] [main/INFO] - trinkets: 3.10.0
[00:39:04] [main/INFO] - unionlib: 12.0.9
[00:39:04] [main/INFO] - universal-graves: 3.4.4+1.21
[00:39:04] [main/INFO] - voicechat: 1.21.1-2.5.24
[00:39:04] [main/INFO] - waveycapes: 1.4.10
[00:39:04] [main/INFO] - wizards: 2.2.0+1.21.1
[00:39:04] [main/INFO] - wover: 21.0.13
[00:39:04] [main/INFO] - wover-biome: 21.0.13
[00:39:04] [main/INFO] - wover-block: 21.0.13
[00:39:04] [main/INFO] - wover-common: 21.0.13
[00:39:04] [main/INFO] - wover-core: 21.0.13
[00:39:04] [main/INFO] - wover-datagen: 21.0.13
[00:39:04] [main/INFO] - wover-events: 21.0.13
[00:39:04] [main/INFO] - wover-feature: 21.0.13
[00:39:04] [main/INFO] - wover-generator: 21.0.13
[00:39:04] [main/INFO] - wover-item: 21.0.13
[00:39:04] [main/INFO] - wover-math: 21.0.13
[00:39:04] [main/INFO] - wover-preset: 21.0.13
[00:39:04] [main/INFO] - wover-recipe: 21.0.13
[00:39:04] [main/INFO] - wover-structure: 21.0.13
[00:39:04] [main/INFO] - wover-surface: 21.0.13
[00:39:04] [main/INFO] - wover-tag: 21.0.13
[00:39:04] [main/INFO] - wover-ui: 21.0.13
[00:39:04] [main/INFO] - wunderlib: 21.0.8
[00:39:04] [main/INFO] - xaerominimap: 24.7.1
[00:39:04] [main/INFO] - xaeroworldmap: 1.39.2
[00:39:04] [main/INFO] - yet_another_config_lib_v3: 3.6.2+1.21-fabric
[00:39:04] [main/INFO] - yosbr: 0.1.2
[00:39:04] [main/INFO] ========================================
[00:39:04] [main/INFO] [REI] Registered plugin provider AetherREIServerPlugin [aether] for REIPlugin
[00:39:04] [main/INFO] [REI] Registered plugin provider DefaultPlugin [roughlyenoughitems] for REIPlugin
[00:39:04] [main/INFO] [REI] Registered plugin provider DefaultRuntimePlugin [roughlyenoughitems] for REIPlugin
[00:39:04] [main/INFO] [REI] Registered plugin provider AetherREIServerPlugin [aether] for REIServerPlugin
[00:39:04] [main/INFO] [REI] Registered plugin provider DefaultPlugin [roughlyenoughitems] for REIServerPlugin
[00:39:04] [main/INFO] [REI] Registered plugin provider DefaultRuntimePlugin [roughlyenoughitems] for REIServerPlugin
[00:39:04] [main/INFO] [REI] Registered plugin provider FabricFluidAPISupportPlugin for REIServerPlugin
[00:39:04] [main/INFO] [REI] Registered plugin provider FabricFluidAPISupportPlugin for REIPlugin
[00:39:10] [Worker-Main-3/DEBUG] [REI] Processed 0 tags in 24.64 μs for minecraft:banner_pattern
[00:39:10] [Worker-Main-2/DEBUG] [REI] Processed 0 tags in 5.460 μs for minecraft:worldgen/world_preset
[00:39:10] [Worker-Main-1/DEBUG] [REI] Processed 1 tags in 5.409 ms for minecraft:mob_effect
[00:39:10] [Worker-Main-3/DEBUG] [REI] Processed 3 tags in 2.827 ms for minecraft:point_of_interest_type
[00:39:10] [Worker-Main-3/DEBUG] [REI] Processed 0 tags in 6.362 μs for minecraft:worldgen/flat_level_generator_preset
[00:39:10] [Worker-Main-3/DEBUG] [REI] Processed 5 tags in 38.08 μs for minecraft:sound_event
[00:39:10] [Worker-Main-3/DEBUG] [REI] Processed 2 tags in 23.32 μs for minecraft:cat_variant
[00:39:10] [Worker-Main-1/DEBUG] [REI] Processed 5 tags in 79.81 μs for minecraft:game_event
[00:39:10] [Worker-Main-1/DEBUG] [REI] Processed 0 tags in 22.17 μs for minecraft:worldgen/structure
[00:39:10] [Worker-Main-3/DEBUG] [REI] Processed 0 tags in 32.91 μs for minecraft:enchantment
[00:39:10] [Worker-Main-3/DEBUG] [REI] Processed 0 tags in 22.72 μs for minecraft:damage_type
[00:39:10] [Worker-Main-3/DEBUG] [REI] Processed 78 tags in 1.666 ms for minecraft:entity_type
[00:39:10] [Worker-Main-1/DEBUG] [REI] Processed 0 tags in 104.9 μs for minecraft:worldgen/biome
[00:39:10] [Worker-Main-1/DEBUG] [REI] Processed 0 tags in 6.903 μs for minecraft:painting_variant
[00:39:10] [Worker-Main-1/DEBUG] [REI] Processed 3 tags in 15.61 μs for minecraft:instrument
[00:39:10] [Worker-Main-1/DEBUG] [REI] Processed 0 tags in 4.058 μs for eternal_starlight:crest
[00:39:10] [Worker-Main-2/DEBUG] [REI] Processed 738 tags in 9.878 ms for minecraft:item
[00:39:10] [Worker-Main-1/DEBUG] [REI] Processed 7 tags in 132.7 μs for minecraft:fluid
[00:39:10] [Worker-Main-3/DEBUG] [REI] Processed 493 tags in 5.646 ms for minecraft:block
[00:39:12] [main/DEBUG] [REI] Starting Reload Plugins of stage null
java.lang.Throwable
	at me.shedaniel.rei.impl.common.plugins.ReloadManagerImpl.reloadPlugins(ReloadManagerImpl.java:110)
	at me.shedaniel.rei.RoughlyEnoughItemsCore.lambda$onInitialize$5(RoughlyEnoughItemsCore.java:163)
	at java.base/java.util.concurrent.CompletableFuture$UniRun.tryFire(CompletableFuture.java:787)
	at java.base/java.util.concurrent.CompletableFuture$Completion.run(CompletableFuture.java:482)
	at net.minecraft.class_4014.method_18365(class_4014.java:69)
	at net.minecraft.class_156.method_43498(class_156.java:1024)
	at net.minecraft.class_156.method_43499(class_156.java:1012)
	at net.minecraft.server.Main.main(Main.java:182)
	at net.fabricmc.loader.impl.game.minecraft.MinecraftGameProvider.launch(MinecraftGameProvider.java:480)
	at net.fabricmc.loader.impl.launch.knot.Knot.launch(Knot.java:74)
	at net.fabricmc.loader.impl.launch.knot.KnotServer.main(KnotServer.java:23)
	at net.fabricmc.loader.impl.launch.server.FabricServerLauncher.main(FabricServerLauncher.java:69)
	at net.fabricmc.installer.ServerLauncher.main(ServerLauncher.java:69)
[00:39:12] [main/DEBUG] [REI] ========================================
[00:39:12] [main/DEBUG] [REI] REIPlugin starting pre-reload for START.
[00:39:12] [main/DEBUG] [REI] Reloadables (7):
[00:39:12] [main/DEBUG] [REI]  - EntryTypeRegistryImpl
[00:39:12] [main/DEBUG] [REI]  - EntrySettingsAdapterRegistryImpl
[00:39:12] [main/DEBUG] [REI]  - RecipeManagerContextImpl
[00:39:12] [main/DEBUG] [REI]  - ItemComparatorRegistryImpl
[00:39:12] [main/DEBUG] [REI]  - FluidComparatorRegistryImpl
[00:39:12] [main/DEBUG] [REI]  - DisplaySerializerRegistryImpl
[00:39:12] [main/DEBUG] [REI]  - FluidSupportProviderImpl
[00:39:12] [main/DEBUG] [REI] Plugins (4):
[00:39:12] [main/DEBUG] [REI]  - (-100.00) DefaultPlugin of DefaultPlugin [roughlyenoughitems]
[00:39:12] [main/DEBUG] [REI]  - (0.00) FabricFluidAPISupportPlugin
[00:39:12] [main/DEBUG] [REI]  - (0.00) DefaultRuntimePlugin of DefaultRuntimePlugin [roughlyenoughitems]
[00:39:12] [main/DEBUG] [REI]  - (0.00) AetherREIServerPlugin of AetherREIServerPlugin [aether]
[00:39:12] [main/DEBUG] [REI] ========================================
[00:39:12] [main/TRACE] [REI] [REIPlugin START] Reloading Section: "pre-register/"
[00:39:12] [main/TRACE] [REI] [REIPlugin START] Reloading Section: "pre-register/DefaultPlugin of DefaultPlugin [roughlyenoughitems]/"
[00:39:12] [main/TRACE] [REI] [REIPlugin START] Reloading Section: "pre-register/DefaultPlugin of DefaultPlugin [roughlyenoughitems]/" done in 1.021 ms
[00:39:12] [main/TRACE] [REI] [REIPlugin START] Reloading Section: "pre-register/FabricFluidAPISupportPlugin/"
[00:39:12] [main/TRACE] [REI] [REIPlugin START] Reloading Section: "pre-register/FabricFluidAPISupportPlugin/" done in 98.10 μs
[00:39:12] [main/TRACE] [REI] [REIPlugin START] Reloading Section: "pre-register/DefaultRuntimePlugin of DefaultRuntimePlugin [roughlyenoughitems]/"
[00:39:12] [main/TRACE] [REI] [REIPlugin START] Reloading Section: "pre-register/DefaultRuntimePlugin of DefaultRuntimePlugin [roughlyenoughitems]/" done in 87.63 μs
[00:39:12] [main/TRACE] [REI] [REIPlugin START] Reloading Section: "pre-register/AetherREIServerPlugin of AetherREIServerPlugin [aether]/"
[00:39:12] [main/TRACE] [REI] [REIPlugin START] Reloading Section: "pre-register/AetherREIServerPlugin of AetherREIServerPlugin [aether]/" done in 87.24 μs
[00:39:12] [main/TRACE] [REI] [REIPlugin START] Reloading Section: "pre-register/" done in 18.78 ms
[00:39:12] [main/TRACE] [REI] [REIPlugin START] Reloading Section: "pre-stage/"
[00:39:12] [main/TRACE] [REI] [REIPlugin START] Reloading Section: "pre-stage/EntryTypeRegistryImpl/"
[00:39:12] [main/TRACE] [REI] [REIPlugin START] Reloading Section: "pre-stage/EntryTypeRegistryImpl/" done in 223.9 μs
[00:39:12] [main/TRACE] [REI] [REIPlugin START] Reloading Section: "pre-stage/EntrySettingsAdapterRegistryImpl/"
[00:39:12] [main/TRACE] [REI] [REIPlugin START] Reloading Section: "pre-stage/EntrySettingsAdapterRegistryImpl/" done in 96.21 μs
[00:39:12] [main/TRACE] [REI] [REIPlugin START] Reloading Section: "pre-stage/RecipeManagerContextImpl/"
[00:39:12] [main/TRACE] [REI] [REIPlugin START] Reloading Section: "pre-stage/RecipeManagerContextImpl/" done in 88.51 μs
[00:39:12] [main/TRACE] [REI] [REIPlugin START] Reloading Section: "pre-stage/ItemComparatorRegistryImpl/"
[00:39:12] [main/TRACE] [REI] [REIPlugin START] Reloading Section: "pre-stage/ItemComparatorRegistryImpl/" done in 675.9 μs
[00:39:12] [main/TRACE] [REI] [REIPlugin START] Reloading Section: "pre-stage/FluidComparatorRegistryImpl/"
[00:39:12] [main/TRACE] [REI] [REIPlugin START] Reloading Section: "pre-stage/FluidComparatorRegistryImpl/" done in 87.84 μs
[00:39:12] [main/TRACE] [REI] [REIPlugin START] Reloading Section: "pre-stage/DisplaySerializerRegistryImpl/"
[00:39:12] [main/TRACE] [REI] [REIPlugin START] Reloading Section: "pre-stage/DisplaySerializerRegistryImpl/" done in 70.99 μs
[00:39:12] [main/TRACE] [REI] [REIPlugin START] Reloading Section: "pre-stage/FluidSupportProviderImpl/"
[00:39:12] [main/TRACE] [REI] [REIPlugin START] Reloading Section: "pre-stage/FluidSupportProviderImpl/" done in 27.90 μs
[00:39:12] [main/TRACE] [REI] [REIPlugin START] Reloading Section: "pre-stage/" done in 2.414 ms
[00:39:12] [main/DEBUG] [REI] ========================================
[00:39:12] [main/DEBUG] [REI] REIPlugin finished pre-reload for START in 21.73 ms.
[00:39:12] [main/DEBUG] [REI] ========================================
[00:39:12] [main/DEBUG] [REI] ========================================
[00:39:12] [main/DEBUG] [REI] REIServerPlugin starting pre-reload for START.
[00:39:12] [main/DEBUG] [REI] Reloadables (2):
[00:39:12] [main/DEBUG] [REI]  - MenuInfoRegistryImpl
[00:39:12] [main/DEBUG] [REI]  - SlotAccessorRegistryImpl
[00:39:12] [main/DEBUG] [REI] Plugins (4):
[00:39:12] [main/DEBUG] [REI]  - (-100.00) DefaultPlugin of DefaultPlugin [roughlyenoughitems]
[00:39:12] [main/DEBUG] [REI]  - (0.00) FabricFluidAPISupportPlugin
[00:39:12] [main/DEBUG] [REI]  - (0.00) DefaultRuntimePlugin of DefaultRuntimePlugin [roughlyenoughitems]
[00:39:12] [main/DEBUG] [REI]  - (0.00) AetherREIServerPlugin of AetherREIServerPlugin [aether]
[00:39:12] [main/DEBUG] [REI] ========================================
[00:39:12] [main/TRACE] [REI] [REIServerPlugin START] Reloading Section: "pre-register/"
[00:39:12] [main/TRACE] [REI] [REIServerPlugin START] Reloading Section: "pre-register/DefaultPlugin of DefaultPlugin [roughlyenoughitems]/"
[00:39:12] [main/TRACE] [REI] [REIServerPlugin START] Reloading Section: "pre-register/DefaultPlugin of DefaultPlugin [roughlyenoughitems]/" done in 165.1 μs
[00:39:12] [main/TRACE] [REI] [REIServerPlugin START] Reloading Section: "pre-register/FabricFluidAPISupportPlugin/"
[00:39:12] [main/TRACE] [REI] [REIServerPlugin START] Reloading Section: "pre-register/FabricFluidAPISupportPlugin/" done in 45.64 μs
[00:39:12] [main/TRACE] [REI] [REIServerPlugin START] Reloading Section: "pre-register/DefaultRuntimePlugin of DefaultRuntimePlugin [roughlyenoughitems]/"
[00:39:12] [main/TRACE] [REI] [REIServerPlugin START] Reloading Section: "pre-register/DefaultRuntimePlugin of DefaultRuntimePlugin [roughlyenoughitems]/" done in 41.99 μs
[00:39:12] [main/TRACE] [REI] [REIServerPlugin START] Reloading Section: "pre-register/AetherREIServerPlugin of AetherREIServerPlugin [aether]/"
[00:39:12] [main/TRACE] [REI] [REIServerPlugin START] Reloading Section: "pre-register/AetherREIServerPlugin of AetherREIServerPlugin [aether]/" done in 53.55 μs
[00:39:12] [main/TRACE] [REI] [REIServerPlugin START] Reloading Section: "pre-register/" done in 744.0 μs
[00:39:12] [main/TRACE] [REI] [REIServerPlugin START] Reloading Section: "pre-stage/"
[00:39:12] [main/TRACE] [REI] [REIServerPlugin START] Reloading Section: "pre-stage/MenuInfoRegistryImpl/"
[00:39:12] [main/TRACE] [REI] [REIServerPlugin START] Reloading Section: "pre-stage/MenuInfoRegistryImpl/" done in 35.37 μs
[00:39:12] [main/TRACE] [REI] [REIServerPlugin START] Reloading Section: "pre-stage/SlotAccessorRegistryImpl/"
[00:39:12] [main/TRACE] [REI] [REIServerPlugin START] Reloading Section: "pre-stage/SlotAccessorRegistryImpl/" done in 49.70 μs
[00:39:12] [main/TRACE] [REI] [REIServerPlugin START] Reloading Section: "pre-stage/" done in 291.9 μs
[00:39:12] [main/DEBUG] [REI] ========================================
[00:39:12] [main/DEBUG] [REI] REIServerPlugin finished pre-reload for START in 1.148 ms.
[00:39:12] [main/DEBUG] [REI] ========================================
[00:39:12] [main/INFO] [REI] ########################################
[00:39:12] [main/INFO] [REI] REIPlugin starting main-reload for START.
[00:39:12] [main/DEBUG] [REI] Reloadables (7):
[00:39:12] [main/DEBUG] [REI]  - EntryTypeRegistryImpl
[00:39:12] [main/DEBUG] [REI]  - EntrySettingsAdapterRegistryImpl
[00:39:12] [main/DEBUG] [REI]  - RecipeManagerContextImpl
[00:39:12] [main/DEBUG] [REI]  - ItemComparatorRegistryImpl
[00:39:12] [main/DEBUG] [REI]  - FluidComparatorRegistryImpl
[00:39:12] [main/DEBUG] [REI]  - DisplaySerializerRegistryImpl
[00:39:12] [main/DEBUG] [REI]  - FluidSupportProviderImpl
[00:39:12] [main/INFO] [REI] Plugins (4):
[00:39:12] [main/INFO] [REI]  - (-100.00) DefaultPlugin of DefaultPlugin [roughlyenoughitems]
[00:39:12] [main/INFO] [REI]  - (0.00) FabricFluidAPISupportPlugin
[00:39:12] [main/INFO] [REI]  - (0.00) DefaultRuntimePlugin of DefaultRuntimePlugin [roughlyenoughitems]
[00:39:12] [main/INFO] [REI]  - (0.00) AetherREIServerPlugin of AetherREIServerPlugin [aether]
[00:39:12] [main/INFO] [REI] ########################################
[00:39:12] [main/TRACE] [REI] [REIPlugin START] Reloading Section: "start-reload/"
[00:39:12] [main/TRACE] [REI] [REIPlugin START] Reloading Section: "start-reload/EntryTypeRegistryImpl/"
[00:39:12] [main/TRACE] [REI] [REIPlugin START] Reloading Section: "start-reload/EntryTypeRegistryImpl/" done in 76.38 μs
[00:39:12] [main/TRACE] [REI] [REIPlugin START] Reloading Section: "start-reload/EntrySettingsAdapterRegistryImpl/"
[00:39:12] [main/TRACE] [REI] [REIPlugin START] Reloading Section: "start-reload/EntrySettingsAdapterRegistryImpl/" done in 46.64 μs
[00:39:12] [main/TRACE] [REI] [REIPlugin START] Reloading Section: "start-reload/RecipeManagerContextImpl/"
[00:39:12] [main/TRACE] [REI] [REIPlugin START] Reloading Section: "start-reload/RecipeManagerContextImpl/" done in 43.93 μs
[00:39:12] [main/TRACE] [REI] [REIPlugin START] Reloading Section: "start-reload/ItemComparatorRegistryImpl/"
[00:39:12] [main/TRACE] [REI] [REIPlugin START] Reloading Section: "start-reload/ItemComparatorRegistryImpl/" done in 81.47 μs
[00:39:12] [main/TRACE] [REI] [REIPlugin START] Reloading Section: "start-reload/FluidComparatorRegistryImpl/"
[00:39:12] [main/TRACE] [REI] [REIPlugin START] Reloading Section: "start-reload/FluidComparatorRegistryImpl/" done in 56.15 μs
[00:39:12] [main/TRACE] [REI] [REIPlugin START] Reloading Section: "start-reload/DisplaySerializerRegistryImpl/"
[00:39:12] [main/TRACE] [REI] [REIPlugin START] Reloading Section: "start-reload/DisplaySerializerRegistryImpl/" done in 49.20 μs
[00:39:12] [main/TRACE] [REI] [REIPlugin START] Reloading Section: "start-reload/FluidSupportProviderImpl/"
[00:39:12] [main/TRACE] [REI] [REIPlugin START] Reloading Section: "start-reload/FluidSupportProviderImpl/" done in 68.91 μs
[00:39:12] [main/TRACE] [REI] [REIPlugin START] Reloading Section: "start-reload/" done in 1.148 ms
[00:39:12] [main/DEBUG] [REI] ========================================
[00:39:12] [main/DEBUG] [REI] REIPlugin started main-reload for START.
[00:39:12] [main/DEBUG] [REI] ========================================
[00:39:12] [main/TRACE] [REI] [REIPlugin START] Reloading Section: "reloadable-plugin/EntryTypeRegistryImpl/"
[00:39:12] [main/TRACE] [REI] [REIPlugin START] Reloading Section: "reloadable-plugin/EntryTypeRegistryImpl/DefaultPlugin of DefaultPlugin [roughlyenoughitems]/"
[00:39:12] [main/TRACE] [REI] [REIPlugin START] Reloading Section: "reloadable-plugin/EntryTypeRegistryImpl/DefaultPlugin of DefaultPlugin [roughlyenoughitems]/" done in 517.4 μs
[00:39:12] [main/TRACE] [REI] [REIPlugin START] Reloading Section: "reloadable-plugin/EntryTypeRegistryImpl/FabricFluidAPISupportPlugin/"
[00:39:12] [main/TRACE] [REI] [REIPlugin START] Reloading Section: "reloadable-plugin/EntryTypeRegistryImpl/FabricFluidAPISupportPlugin/" done in 161.8 μs
[00:39:12] [main/TRACE] [REI] [REIPlugin START] Reloading Section: "reloadable-plugin/EntryTypeRegistryImpl/DefaultRuntimePlugin of DefaultRuntimePlugin [roughlyenoughitems]/"
[00:39:12] [main/TRACE] [REI] [REIPlugin START] Reloading Section: "reloadable-plugin/EntryTypeRegistryImpl/DefaultRuntimePlugin of DefaultRuntimePlugin [roughlyenoughitems]/" done in 6.164 ms
[00:39:12] [main/TRACE] [REI] [REIPlugin START] Reloading Section: "reloadable-plugin/EntryTypeRegistryImpl/AetherREIServerPlugin of AetherREIServerPlugin [aether]/"
[00:39:12] [main/TRACE] [REI] [REIPlugin START] Reloading Section: "reloadable-plugin/EntryTypeRegistryImpl/AetherREIServerPlugin of AetherREIServerPlugin [aether]/" done in 53.74 μs
[00:39:12] [main/TRACE] [REI] [REIPlugin START] Reloading Section: "reloadable-plugin/EntryTypeRegistryImpl/" done in 10.82 ms
[00:39:12] [main/TRACE] [REI] [REIPlugin START] Reloading Section: "reloadable-plugin/EntrySettingsAdapterRegistryImpl/"
[00:39:12] [main/TRACE] [REI] [REIPlugin START] Reloading Section: "reloadable-plugin/EntrySettingsAdapterRegistryImpl/DefaultPlugin of DefaultPlugin [roughlyenoughitems]/"
[00:39:12] [main/TRACE] [REI] [REIPlugin START] Reloading Section: "reloadable-plugin/EntrySettingsAdapterRegistryImpl/DefaultPlugin of DefaultPlugin [roughlyenoughitems]/" done in 44.17 μs
[00:39:12] [main/TRACE] [REI] [REIPlugin START] Reloading Section: "reloadable-plugin/EntrySettingsAdapterRegistryImpl/FabricFluidAPISupportPlugin/"
[00:39:12] [main/TRACE] [REI] [REIPlugin START] Reloading Section: "reloadable-plugin/EntrySettingsAdapterRegistryImpl/FabricFluidAPISupportPlugin/" done in 64.34 μs
[00:39:12] [main/TRACE] [REI] [REIPlugin START] Reloading Section: "reloadable-plugin/EntrySettingsAdapterRegistryImpl/DefaultRuntimePlugin of DefaultRuntimePlugin [roughlyenoughitems]/"
[00:39:12] [main/TRACE] [REI] [REIPlugin START] Reloading Section: "reloadable-plugin/EntrySettingsAdapterRegistryImpl/DefaultRuntimePlugin of DefaultRuntimePlugin [roughlyenoughitems]/" done in 55.38 μs
[00:39:12] [main/TRACE] [REI] [REIPlugin START] Reloading Section: "reloadable-plugin/EntrySettingsAdapterRegistryImpl/AetherREIServerPlugin of AetherREIServerPlugin [aether]/"
[00:39:12] [main/TRACE] [REI] [REIPlugin START] Reloading Section: "reloadable-plugin/EntrySettingsAdapterRegistryImpl/AetherREIServerPlugin of AetherREIServerPlugin [aether]/" done in 78.28 μs
[00:39:12] [main/TRACE] [REI] [REIPlugin START] Reloading Section: "reloadable-plugin/EntrySettingsAdapterRegistryImpl/" done in 673.4 μs
[00:39:12] [main/TRACE] [REI] [REIPlugin START] Reloading Section: "reloadable-plugin/RecipeManagerContextImpl/"
[00:39:12] [main/TRACE] [REI] [REIPlugin START] Reloading Section: "reloadable-plugin/RecipeManagerContextImpl/DefaultPlugin of DefaultPlugin [roughlyenoughitems]/"
[00:39:12] [main/TRACE] [REI] [REIPlugin START] Reloading Section: "reloadable-plugin/RecipeManagerContextImpl/DefaultPlugin of DefaultPlugin [roughlyenoughitems]/" done in 45.32 μs
[00:39:12] [main/TRACE] [REI] [REIPlugin START] Reloading Section: "reloadable-plugin/RecipeManagerContextImpl/FabricFluidAPISupportPlugin/"
[00:39:12] [main/TRACE] [REI] [REIPlugin START] Reloading Section: "reloadable-plugin/RecipeManagerContextImpl/FabricFluidAPISupportPlugin/" done in 52.92 μs
[00:39:12] [main/TRACE] [REI] [REIPlugin START] Reloading Section: "reloadable-plugin/RecipeManagerContextImpl/DefaultRuntimePlugin of DefaultRuntimePlugin [roughlyenoughitems]/"
[00:39:12] [main/TRACE] [REI] [REIPlugin START] Reloading Section: "reloadable-plugin/RecipeManagerContextImpl/DefaultRuntimePlugin of DefaultRuntimePlugin [roughlyenoughitems]/" done in 50.59 μs
[00:39:12] [main/TRACE] [REI] [REIPlugin START] Reloading Section: "reloadable-plugin/RecipeManagerContextImpl/AetherREIServerPlugin of AetherREIServerPlugin [aether]/"
[00:39:12] [main/TRACE] [REI] [REIPlugin START] Reloading Section: "reloadable-plugin/RecipeManagerContextImpl/AetherREIServerPlugin of AetherREIServerPlugin [aether]/" done in 72.37 μs
[00:39:12] [main/TRACE] [REI] [REIPlugin START] Reloading Section: "reloadable-plugin/RecipeManagerContextImpl/" done in 628.9 μs
[00:39:12] [main/TRACE] [REI] [REIPlugin START] Reloading Section: "reloadable-plugin/ItemComparatorRegistryImpl/"
[00:39:12] [main/TRACE] [REI] [REIPlugin START] Reloading Section: "reloadable-plugin/ItemComparatorRegistryImpl/DefaultPlugin of DefaultPlugin [roughlyenoughitems]/"
[00:39:12] [main/TRACE] [REI] [REIPlugin START] Reloading Section: "reloadable-plugin/ItemComparatorRegistryImpl/DefaultPlugin of DefaultPlugin [roughlyenoughitems]/" done in 841.5 μs
[00:39:12] [main/TRACE] [REI] [REIPlugin START] Reloading Section: "reloadable-plugin/ItemComparatorRegistryImpl/FabricFluidAPISupportPlugin/"
[00:39:12] [main/TRACE] [REI] [REIPlugin START] Reloading Section: "reloadable-plugin/ItemComparatorRegistryImpl/FabricFluidAPISupportPlugin/" done in 48.83 μs
[00:39:12] [main/TRACE] [REI] [REIPlugin START] Reloading Section: "reloadable-plugin/ItemComparatorRegistryImpl/DefaultRuntimePlugin of DefaultRuntimePlugin [roughlyenoughitems]/"
[00:39:12] [main/TRACE] [REI] [REIPlugin START] Reloading Section: "reloadable-plugin/ItemComparatorRegistryImpl/DefaultRuntimePlugin of DefaultRuntimePlugin [roughlyenoughitems]/" done in 42.05 μs
[00:39:12] [main/TRACE] [REI] [REIPlugin START] Reloading Section: "reloadable-plugin/ItemComparatorRegistryImpl/AetherREIServerPlugin of AetherREIServerPlugin [aether]/"
[00:39:12] [main/TRACE] [REI] [REIPlugin START] Reloading Section: "reloadable-plugin/ItemComparatorRegistryImpl/AetherREIServerPlugin of AetherREIServerPlugin [aether]/" done in 47.29 μs
[00:39:12] [main/TRACE] [REI] [REIPlugin START] Reloading Section: "reloadable-plugin/ItemComparatorRegistryImpl/" done in 1.377 ms
[00:39:12] [main/TRACE] [REI] [REIPlugin START] Reloading Section: "reloadable-plugin/FluidComparatorRegistryImpl/"
[00:39:12] [main/TRACE] [REI] [REIPlugin START] Reloading Section: "reloadable-plugin/FluidComparatorRegistryImpl/DefaultPlugin of DefaultPlugin [roughlyenoughitems]/"
[00:39:12] [main/TRACE] [REI] [REIPlugin START] Reloading Section: "reloadable-plugin/FluidComparatorRegistryImpl/DefaultPlugin of DefaultPlugin [roughlyenoughitems]/" done in 48.62 μs
[00:39:12] [main/TRACE] [REI] [REIPlugin START] Reloading Section: "reloadable-plugin/FluidComparatorRegistryImpl/FabricFluidAPISupportPlugin/"
[00:39:12] [main/TRACE] [REI] [REIPlugin START] Reloading Section: "reloadable-plugin/FluidComparatorRegistryImpl/FabricFluidAPISupportPlugin/" done in 39.71 μs
[00:39:12] [main/TRACE] [REI] [REIPlugin START] Reloading Section: "reloadable-plugin/FluidComparatorRegistryImpl/DefaultRuntimePlugin of DefaultRuntimePlugin [roughlyenoughitems]/"
[00:39:12] [main/TRACE] [REI] [REIPlugin START] Reloading Section: "reloadable-plugin/FluidComparatorRegistryImpl/DefaultRuntimePlugin of DefaultRuntimePlugin [roughlyenoughitems]/" done in 73.49 μs
[00:39:12] [main/TRACE] [REI] [REIPlugin START] Reloading Section: "reloadable-plugin/FluidComparatorRegistryImpl/AetherREIServerPlugin of AetherREIServerPlugin [aether]/"
[00:39:12] [main/TRACE] [REI] [REIPlugin START] Reloading Section: "reloadable-plugin/FluidComparatorRegistryImpl/AetherREIServerPlugin of AetherREIServerPlugin [aether]/" done in 45.81 μs
[00:39:12] [main/TRACE] [REI] [REIPlugin START] Reloading Section: "reloadable-plugin/FluidComparatorRegistryImpl/" done in 556.5 μs
[00:39:12] [main/TRACE] [REI] [REIPlugin START] Reloading Section: "reloadable-plugin/DisplaySerializerRegistryImpl/"
[00:39:12] [main/TRACE] [REI] [REIPlugin START] Reloading Section: "reloadable-plugin/DisplaySerializerRegistryImpl/DefaultPlugin of DefaultPlugin [roughlyenoughitems]/"
[00:39:12] [main/TRACE] [REI] [REIPlugin START] Reloading Section: "reloadable-plugin/DisplaySerializerRegistryImpl/DefaultPlugin of DefaultPlugin [roughlyenoughitems]/" done in 62.53 μs
[00:39:12] [main/TRACE] [REI] [REIPlugin START] Reloading Section: "reloadable-plugin/DisplaySerializerRegistryImpl/FabricFluidAPISupportPlugin/"
[00:39:12] [main/TRACE] [REI] [REIPlugin START] Reloading Section: "reloadable-plugin/DisplaySerializerRegistryImpl/FabricFluidAPISupportPlugin/" done in 49.07 μs
[00:39:12] [main/TRACE] [REI] [REIPlugin START] Reloading Section: "reloadable-plugin/DisplaySerializerRegistryImpl/DefaultRuntimePlugin of DefaultRuntimePlugin [roughlyenoughitems]/"
[00:39:12] [main/TRACE] [REI] [REIPlugin START] Reloading Section: "reloadable-plugin/DisplaySerializerRegistryImpl/DefaultRuntimePlugin of DefaultRuntimePlugin [roughlyenoughitems]/" done in 45.42 μs
[00:39:12] [main/TRACE] [REI] [REIPlugin START] Reloading Section: "reloadable-plugin/DisplaySerializerRegistryImpl/AetherREIServerPlugin of AetherREIServerPlugin [aether]/"
[00:39:12] [main/TRACE] [REI] [REIPlugin START] Reloading Section: "reloadable-plugin/DisplaySerializerRegistryImpl/AetherREIServerPlugin of AetherREIServerPlugin [aether]/" done in 48.05 μs
[00:39:12] [main/TRACE] [REI] [REIPlugin START] Reloading Section: "reloadable-plugin/DisplaySerializerRegistryImpl/" done in 589.0 μs
[00:39:12] [main/TRACE] [REI] [REIPlugin START] Reloading Section: "reloadable-plugin/FluidSupportProviderImpl/"
[00:39:12] [main/TRACE] [REI] [REIPlugin START] Reloading Section: "reloadable-plugin/FluidSupportProviderImpl/DefaultPlugin of DefaultPlugin [roughlyenoughitems]/"
[00:39:12] [main/TRACE] [REI] [REIPlugin START] Reloading Section: "reloadable-plugin/FluidSupportProviderImpl/DefaultPlugin of DefaultPlugin [roughlyenoughitems]/" done in 414.2 μs
[00:39:12] [main/TRACE] [REI] [REIPlugin START] Reloading Section: "reloadable-plugin/FluidSupportProviderImpl/FabricFluidAPISupportPlugin/"
[00:39:12] [main/TRACE] [REI] [REIPlugin START] Reloading Section: "reloadable-plugin/FluidSupportProviderImpl/FabricFluidAPISupportPlugin/" done in 190.3 μs
[00:39:12] [main/TRACE] [REI] [REIPlugin START] Reloading Section: "reloadable-plugin/FluidSupportProviderImpl/DefaultRuntimePlugin of DefaultRuntimePlugin [roughlyenoughitems]/"
[00:39:12] [main/TRACE] [REI] [REIPlugin START] Reloading Section: "reloadable-plugin/FluidSupportProviderImpl/DefaultRuntimePlugin of DefaultRuntimePlugin [roughlyenoughitems]/" done in 54.02 μs
[00:39:12] [main/TRACE] [REI] [REIPlugin START] Reloading Section: "reloadable-plugin/FluidSupportProviderImpl/AetherREIServerPlugin of AetherREIServerPlugin [aether]/"
[00:39:12] [main/TRACE] [REI] [REIPlugin START] Reloading Section: "reloadable-plugin/FluidSupportProviderImpl/AetherREIServerPlugin of AetherREIServerPlugin [aether]/" done in 55.80 μs
[00:39:12] [main/TRACE] [REI] [REIPlugin START] Reloading Section: "reloadable-plugin/FluidSupportProviderImpl/" done in 1.180 ms
[00:39:12] [main/DEBUG] [REI] ========================================
[00:39:12] [main/DEBUG] [REI] REIPlugin ending main-reload for START.
[00:39:12] [main/DEBUG] [REI] ========================================
[00:39:12] [main/TRACE] [REI] [REIPlugin START] Reloading Section: "end-reload/"
[00:39:12] [main/TRACE] [REI] [REIPlugin START] Reloading Section: "end-reload/EntryTypeRegistryImpl/"
[00:39:12] [main/TRACE] [REI] [REIPlugin START] Reloading Section: "end-reload/EntryTypeRegistryImpl/" done in 48.75 μs
[00:39:12] [main/TRACE] [REI] [REIPlugin START] Reloading Section: "end-reload/EntrySettingsAdapterRegistryImpl/"
[00:39:12] [main/TRACE] [REI] [REIPlugin START] Reloading Section: "end-reload/EntrySettingsAdapterRegistryImpl/" done in 42.15 μs
[00:39:12] [main/TRACE] [REI] [REIPlugin START] Reloading Section: "end-reload/RecipeManagerContextImpl/"
[00:39:12] [main/TRACE] [REI] [REIPlugin START] Reloading Section: "end-reload/RecipeManagerContextImpl/" done in 39.98 μs
[00:39:12] [main/TRACE] [REI] [REIPlugin START] Reloading Section: "end-reload/ItemComparatorRegistryImpl/"
[00:39:12] [main/TRACE] [REI] [REIPlugin START] Reloading Section: "end-reload/ItemComparatorRegistryImpl/" done in 56.77 μs
[00:39:12] [main/TRACE] [REI] [REIPlugin START] Reloading Section: "end-reload/FluidComparatorRegistryImpl/"
[00:39:12] [main/TRACE] [REI] [REIPlugin START] Reloading Section: "end-reload/FluidComparatorRegistryImpl/" done in 43.53 μs
[00:39:12] [main/TRACE] [REI] [REIPlugin START] Reloading Section: "end-reload/DisplaySerializerRegistryImpl/"
[00:39:12] [main/TRACE] [REI] [REIPlugin START] Reloading Section: "end-reload/DisplaySerializerRegistryImpl/" done in 37.31 μs
[00:39:12] [main/TRACE] [REI] [REIPlugin START] Reloading Section: "end-reload/FluidSupportProviderImpl/"
[00:39:12] [main/TRACE] [REI] [REIPlugin START] Reloading Section: "end-reload/FluidSupportProviderImpl/" done in 40.34 μs
[00:39:12] [main/TRACE] [REI] [REIPlugin START] Reloading Section: "end-reload/" done in 919.4 μs
[00:39:12] [main/DEBUG] [REI] ========================================
[00:39:12] [main/DEBUG] [REI] REIPlugin ended main-reload for START in 23.27 ms.
[00:39:12] [main/DEBUG] [REI] ========================================
[00:39:12] [main/INFO] [REI] ----------------------------------------
[00:39:12] [main/INFO] [REI] REIServerPlugin starting main-reload for START.
[00:39:12] [main/DEBUG] [REI] Reloadables (2):
[00:39:12] [main/DEBUG] [REI]  - MenuInfoRegistryImpl
[00:39:12] [main/DEBUG] [REI]  - SlotAccessorRegistryImpl
[00:39:12] [main/INFO] [REI] Plugins (4):
[00:39:12] [main/INFO] [REI]  - (-100.00) DefaultPlugin of DefaultPlugin [roughlyenoughitems]
[00:39:12] [main/INFO] [REI]  - (0.00) FabricFluidAPISupportPlugin
[00:39:12] [main/INFO] [REI]  - (0.00) DefaultRuntimePlugin of DefaultRuntimePlugin [roughlyenoughitems]
[00:39:12] [main/INFO] [REI]  - (0.00) AetherREIServerPlugin of AetherREIServerPlugin [aether]
[00:39:12] [main/INFO] [REI] ----------------------------------------
[00:39:12] [main/TRACE] [REI] [REIServerPlugin START] Reloading Section: "start-reload/"
[00:39:12] [main/TRACE] [REI] [REIServerPlugin START] Reloading Section: "start-reload/MenuInfoRegistryImpl/"
[00:39:12] [main/TRACE] [REI] [REIServerPlugin START] Reloading Section: "start-reload/MenuInfoRegistryImpl/" done in 42.71 μs
[00:39:12] [main/TRACE] [REI] [REIServerPlugin START] Reloading Section: "start-reload/SlotAccessorRegistryImpl/"
[00:39:12] [main/TRACE] [REI] [REIServerPlugin START] Reloading Section: "start-reload/SlotAccessorRegistryImpl/" done in 35.83 μs
[00:39:12] [main/TRACE] [REI] [REIServerPlugin START] Reloading Section: "start-reload/" done in 275.8 μs
[00:39:12] [main/DEBUG] [REI] ========================================
[00:39:12] [main/DEBUG] [REI] REIServerPlugin started main-reload for START.
[00:39:12] [main/DEBUG] [REI] ========================================
[00:39:12] [main/TRACE] [REI] [REIServerPlugin START] Reloading Section: "reloadable-plugin/MenuInfoRegistryImpl/"
[00:39:12] [main/TRACE] [REI] [REIServerPlugin START] Reloading Section: "reloadable-plugin/MenuInfoRegistryImpl/DefaultPlugin of DefaultPlugin [roughlyenoughitems]/"
[00:39:12] [main/TRACE] [REI] [REIServerPlugin START] Reloading Section: "reloadable-plugin/MenuInfoRegistryImpl/DefaultPlugin of DefaultPlugin [roughlyenoughitems]/" done in 44.42 μs
[00:39:12] [main/TRACE] [REI] [REIServerPlugin START] Reloading Section: "reloadable-plugin/MenuInfoRegistryImpl/FabricFluidAPISupportPlugin/"
[00:39:12] [main/TRACE] [REI] [REIServerPlugin START] Reloading Section: "reloadable-plugin/MenuInfoRegistryImpl/FabricFluidAPISupportPlugin/" done in 42.38 μs
[00:39:12] [main/TRACE] [REI] [REIServerPlugin START] Reloading Section: "reloadable-plugin/MenuInfoRegistryImpl/DefaultRuntimePlugin of DefaultRuntimePlugin [roughlyenoughitems]/"
[00:39:12] [main/TRACE] [REI] [REIServerPlugin START] Reloading Section: "reloadable-plugin/MenuInfoRegistryImpl/DefaultRuntimePlugin of DefaultRuntimePlugin [roughlyenoughitems]/" done in 54.77 μs
[00:39:12] [main/TRACE] [REI] [REIServerPlugin START] Reloading Section: "reloadable-plugin/MenuInfoRegistryImpl/AetherREIServerPlugin of AetherREIServerPlugin [aether]/"
[00:39:12] [main/TRACE] [REI] [REIServerPlugin START] Reloading Section: "reloadable-plugin/MenuInfoRegistryImpl/AetherREIServerPlugin of AetherREIServerPlugin [aether]/" done in 55.68 μs
[00:39:12] [main/TRACE] [REI] [REIServerPlugin START] Reloading Section: "reloadable-plugin/MenuInfoRegistryImpl/" done in 661.2 μs
[00:39:12] [main/TRACE] [REI] [REIServerPlugin START] Reloading Section: "reloadable-plugin/SlotAccessorRegistryImpl/"
[00:39:12] [main/TRACE] [REI] [REIServerPlugin START] Reloading Section: "reloadable-plugin/SlotAccessorRegistryImpl/DefaultPlugin of DefaultPlugin [roughlyenoughitems]/"
[00:39:12] [main/TRACE] [REI] [REIServerPlugin START] Reloading Section: "reloadable-plugin/SlotAccessorRegistryImpl/DefaultPlugin of DefaultPlugin [roughlyenoughitems]/" done in 74.48 μs
[00:39:12] [main/TRACE] [REI] [REIServerPlugin START] Reloading Section: "reloadable-plugin/SlotAccessorRegistryImpl/FabricFluidAPISupportPlugin/"
[00:39:12] [main/TRACE] [REI] [REIServerPlugin START] Reloading Section: "reloadable-plugin/SlotAccessorRegistryImpl/FabricFluidAPISupportPlugin/" done in 2.996 ms
[00:39:12] [main/TRACE] [REI] [REIServerPlugin START] Reloading Section: "reloadable-plugin/SlotAccessorRegistryImpl/DefaultRuntimePlugin of DefaultRuntimePlugin [roughlyenoughitems]/"
[00:39:12] [main/TRACE] [REI] [REIServerPlugin START] Reloading Section: "reloadable-plugin/SlotAccessorRegistryImpl/DefaultRuntimePlugin of DefaultRuntimePlugin [roughlyenoughitems]/" done in 48.24 μs
[00:39:12] [main/TRACE] [REI] [REIServerPlugin START] Reloading Section: "reloadable-plugin/SlotAccessorRegistryImpl/AetherREIServerPlugin of AetherREIServerPlugin [aether]/"
[00:39:12] [main/TRACE] [REI] [REIServerPlugin START] Reloading Section: "reloadable-plugin/SlotAccessorRegistryImpl/AetherREIServerPlugin of AetherREIServerPlugin [aether]/" done in 54.23 μs
[00:39:12] [main/TRACE] [REI] [REIServerPlugin START] Reloading Section: "reloadable-plugin/SlotAccessorRegistryImpl/" done in 3.579 ms
[00:39:12] [main/DEBUG] [REI] ========================================
[00:39:12] [main/DEBUG] [REI] REIServerPlugin ending main-reload for START.
[00:39:12] [main/DEBUG] [REI] ========================================
[00:39:12] [main/TRACE] [REI] [REIServerPlugin START] Reloading Section: "end-reload/"
[00:39:12] [main/TRACE] [REI] [REIServerPlugin START] Reloading Section: "end-reload/MenuInfoRegistryImpl/"
[00:39:12] [main/TRACE] [REI] [REIServerPlugin START] Reloading Section: "end-reload/MenuInfoRegistryImpl/" done in 32.16 μs
[00:39:12] [main/TRACE] [REI] [REIServerPlugin START] Reloading Section: "end-reload/SlotAccessorRegistryImpl/"
[00:39:12] [main/TRACE] [REI] [REIServerPlugin START] Reloading Section: "end-reload/SlotAccessorRegistryImpl/" done in 31.55 μs
[00:39:12] [main/TRACE] [REI] [REIServerPlugin START] Reloading Section: "end-reload/" done in 210.3 μs
[00:39:12] [main/DEBUG] [REI] ========================================
[00:39:12] [main/DEBUG] [REI] REIServerPlugin ended main-reload for START in 6.765 ms.
[00:39:12] [main/DEBUG] [REI] ========================================
[00:39:12] [main/DEBUG] [REI] ========================================
[00:39:12] [main/DEBUG] [REI] REIPlugin starting post-reload for START.
[00:39:12] [main/DEBUG] [REI] Reloadables (7):
[00:39:12] [main/DEBUG] [REI]  - EntryTypeRegistryImpl
[00:39:12] [main/DEBUG] [REI]  - EntrySettingsAdapterRegistryImpl
[00:39:12] [main/DEBUG] [REI]  - RecipeManagerContextImpl
[00:39:12] [main/DEBUG] [REI]  - ItemComparatorRegistryImpl
[00:39:12] [main/DEBUG] [REI]  - FluidComparatorRegistryImpl
[00:39:12] [main/DEBUG] [REI]  - DisplaySerializerRegistryImpl
[00:39:12] [main/DEBUG] [REI]  - FluidSupportProviderImpl
[00:39:12] [main/DEBUG] [REI] Plugins (4):
[00:39:12] [main/DEBUG] [REI]  - (-100.00) DefaultPlugin of DefaultPlugin [roughlyenoughitems]
[00:39:12] [main/DEBUG] [REI]  - (0.00) FabricFluidAPISupportPlugin
[00:39:12] [main/DEBUG] [REI]  - (0.00) DefaultRuntimePlugin of DefaultRuntimePlugin [roughlyenoughitems]
[00:39:12] [main/DEBUG] [REI]  - (0.00) AetherREIServerPlugin of AetherREIServerPlugin [aether]
[00:39:12] [main/DEBUG] [REI] ========================================
[00:39:12] [main/TRACE] [REI] [REIPlugin START] Reloading Section: "post-register/"
[00:39:12] [main/TRACE] [REI] [REIPlugin START] Reloading Section: "post-register/DefaultPlugin of DefaultPlugin [roughlyenoughitems]/"
[00:39:12] [main/TRACE] [REI] [REIPlugin START] Reloading Section: "post-register/DefaultPlugin of DefaultPlugin [roughlyenoughitems]/" done in 179.7 μs
[00:39:12] [main/TRACE] [REI] [REIPlugin START] Reloading Section: "post-register/FabricFluidAPISupportPlugin/"
[00:39:12] [main/TRACE] [REI] [REIPlugin START] Reloading Section: "post-register/FabricFluidAPISupportPlugin/" done in 59.71 μs
[00:39:12] [main/TRACE] [REI] [REIPlugin START] Reloading Section: "post-register/DefaultRuntimePlugin of DefaultRuntimePlugin [roughlyenoughitems]/"
[00:39:12] [main/TRACE] [REI] [REIPlugin START] Reloading Section: "post-register/DefaultRuntimePlugin of DefaultRuntimePlugin [roughlyenoughitems]/" done in 37.37 μs
[00:39:12] [main/TRACE] [REI] [REIPlugin START] Reloading Section: "post-register/AetherREIServerPlugin of AetherREIServerPlugin [aether]/"
[00:39:12] [main/TRACE] [REI] [REIPlugin START] Reloading Section: "post-register/AetherREIServerPlugin of AetherREIServerPlugin [aether]/" done in 52.47 μs
[00:39:12] [main/TRACE] [REI] [REIPlugin START] Reloading Section: "post-register/" done in 2.563 ms
[00:39:12] [main/TRACE] [REI] [REIPlugin START] Reloading Section: "post-stage/"
[00:39:12] [main/TRACE] [REI] [REIPlugin START] Reloading Section: "post-stage/EntryTypeRegistryImpl/"
[00:39:12] [main/TRACE] [REI] [REIPlugin START] Reloading Section: "post-stage/EntryTypeRegistryImpl/" done in 52.38 μs
[00:39:12] [main/TRACE] [REI] [REIPlugin START] Reloading Section: "post-stage/EntrySettingsAdapterRegistryImpl/"
[00:39:12] [main/TRACE] [REI] [REIPlugin START] Reloading Section: "post-stage/EntrySettingsAdapterRegistryImpl/" done in 36.81 μs
[00:39:12] [main/TRACE] [REI] [REIPlugin START] Reloading Section: "post-stage/RecipeManagerContextImpl/"
[00:39:12] [main/TRACE] [REI] [REIPlugin START] Reloading Section: "post-stage/RecipeManagerContextImpl/" done in 33.79 μs
[00:39:12] [main/TRACE] [REI] [REIPlugin START] Reloading Section: "post-stage/ItemComparatorRegistryImpl/"
[00:39:12] [main/TRACE] [REI] [REIPlugin START] Reloading Section: "post-stage/ItemComparatorRegistryImpl/" done in 41.13 μs
[00:39:12] [main/TRACE] [REI] [REIPlugin START] Reloading Section: "post-stage/FluidComparatorRegistryImpl/"
[00:39:12] [main/TRACE] [REI] [REIPlugin START] Reloading Section: "post-stage/FluidComparatorRegistryImpl/" done in 64.30 μs
[00:39:12] [main/TRACE] [REI] [REIPlugin START] Reloading Section: "post-stage/DisplaySerializerRegistryImpl/"
[00:39:12] [main/TRACE] [REI] [REIPlugin START] Reloading Section: "post-stage/DisplaySerializerRegistryImpl/" done in 35.38 μs
[00:39:12] [main/TRACE] [REI] [REIPlugin START] Reloading Section: "post-stage/FluidSupportProviderImpl/"
[00:39:12] [main/TRACE] [REI] [REIPlugin START] Reloading Section: "post-stage/FluidSupportProviderImpl/" done in 36.27 μs
[00:39:12] [main/TRACE] [REI] [REIPlugin START] Reloading Section: "post-stage/" done in 2.233 ms
[00:39:12] [main/DEBUG] [REI] ========================================
[00:39:12] [main/INFO] [REI] REIPlugin finished post-reload for START in 4.922 ms, totaling 49.90 ms.
[00:39:12] [main/DEBUG] [REI] ========================================
[00:39:12] [main/DEBUG] [REI] ========================================
[00:39:12] [main/DEBUG] [REI] REIServerPlugin starting post-reload for START.
[00:39:12] [main/DEBUG] [REI] Reloadables (2):
[00:39:12] [main/DEBUG] [REI]  - MenuInfoRegistryImpl
[00:39:12] [main/DEBUG] [REI]  - SlotAccessorRegistryImpl
[00:39:12] [main/DEBUG] [REI] Plugins (4):
[00:39:12] [main/DEBUG] [REI]  - (-100.00) DefaultPlugin of DefaultPlugin [roughlyenoughitems]
[00:39:12] [main/DEBUG] [REI]  - (0.00) FabricFluidAPISupportPlugin
[00:39:12] [main/DEBUG] [REI]  - (0.00) DefaultRuntimePlugin of DefaultRuntimePlugin [roughlyenoughitems]
[00:39:12] [main/DEBUG] [REI]  - (0.00) AetherREIServerPlugin of AetherREIServerPlugin [aether]
[00:39:12] [main/DEBUG] [REI] ========================================
[00:39:12] [main/TRACE] [REI] [REIServerPlugin START] Reloading Section: "post-register/"
[00:39:12] [main/TRACE] [REI] [REIServerPlugin START] Reloading Section: "post-register/DefaultPlugin of DefaultPlugin [roughlyenoughitems]/"
[00:39:12] [main/TRACE] [REI] [REIServerPlugin START] Reloading Section: "post-register/DefaultPlugin of DefaultPlugin [roughlyenoughitems]/" done in 56.79 μs
[00:39:12] [main/TRACE] [REI] [REIServerPlugin START] Reloading Section: "post-register/FabricFluidAPISupportPlugin/"
[00:39:12] [main/TRACE] [REI] [REIServerPlugin START] Reloading Section: "post-register/FabricFluidAPISupportPlugin/" done in 36.87 μs
[00:39:12] [main/TRACE] [REI] [REIServerPlugin START] Reloading Section: "post-register/DefaultRuntimePlugin of DefaultRuntimePlugin [roughlyenoughitems]/"
[00:39:12] [main/TRACE] [REI] [REIServerPlugin START] Reloading Section: "post-register/DefaultRuntimePlugin of DefaultRuntimePlugin [roughlyenoughitems]/" done in 40.69 μs
[00:39:12] [main/TRACE] [REI] [REIServerPlugin START] Reloading Section: "post-register/AetherREIServerPlugin of AetherREIServerPlugin [aether]/"
[00:39:12] [main/TRACE] [REI] [REIServerPlugin START] Reloading Section: "post-register/AetherREIServerPlugin of AetherREIServerPlugin [aether]/" done in 35.41 μs
[00:39:12] [main/TRACE] [REI] [REIServerPlugin START] Reloading Section: "post-register/" done in 1.735 ms
[00:39:12] [main/TRACE] [REI] [REIServerPlugin START] Reloading Section: "post-stage/"
[00:39:12] [main/TRACE] [REI] [REIServerPlugin START] Reloading Section: "post-stage/MenuInfoRegistryImpl/"
[00:39:12] [main/TRACE] [REI] [REIServerPlugin START] Reloading Section: "post-stage/MenuInfoRegistryImpl/" done in 30.33 μs
[00:39:12] [main/TRACE] [REI] [REIServerPlugin START] Reloading Section: "post-stage/SlotAccessorRegistryImpl/"
[00:39:12] [main/TRACE] [REI] [REIServerPlugin START] Reloading Section: "post-stage/SlotAccessorRegistryImpl/" done in 30.21 μs
[00:39:12] [main/TRACE] [REI] [REIServerPlugin START] Reloading Section: "post-stage/" done in 210.8 μs
[00:39:12] [main/DEBUG] [REI] ========================================
[00:39:12] [main/INFO] [REI] REIServerPlugin finished post-reload for START in 2.043 ms, totaling 9.932 ms.
[00:39:12] [main/DEBUG] [REI] ========================================
[00:39:12] [main/DEBUG] [REI] ========================================
[00:39:12] [main/DEBUG] [REI] REIPlugin starting pre-reload for END.
[00:39:12] [main/DEBUG] [REI] Reloadables (7):
[00:39:12] [main/DEBUG] [REI]  - EntryTypeRegistryImpl
[00:39:12] [main/DEBUG] [REI]  - EntrySettingsAdapterRegistryImpl
[00:39:12] [main/DEBUG] [REI]  - RecipeManagerContextImpl
[00:39:12] [main/DEBUG] [REI]  - ItemComparatorRegistryImpl
[00:39:12] [main/DEBUG] [REI]  - FluidComparatorRegistryImpl
[00:39:12] [main/DEBUG] [REI]  - DisplaySerializerRegistryImpl
[00:39:12] [main/DEBUG] [REI]  - FluidSupportProviderImpl
[00:39:12] [main/DEBUG] [REI] Plugins (4):
[00:39:12] [main/DEBUG] [REI]  - (-100.00) DefaultPlugin of DefaultPlugin [roughlyenoughitems]
[00:39:12] [main/DEBUG] [REI]  - (0.00) FabricFluidAPISupportPlugin
[00:39:12] [main/DEBUG] [REI]  - (0.00) DefaultRuntimePlugin of DefaultRuntimePlugin [roughlyenoughitems]
[00:39:12] [main/DEBUG] [REI]  - (0.00) AetherREIServerPlugin of AetherREIServerPlugin [aether]
[00:39:12] [main/DEBUG] [REI] ========================================
[00:39:12] [main/TRACE] [REI] [REIPlugin END] Reloading Section: "pre-register/"
[00:39:12] [main/TRACE] [REI] [REIPlugin END] Reloading Section: "pre-register/DefaultPlugin of DefaultPlugin [roughlyenoughitems]/"
[00:39:12] [main/TRACE] [REI] [REIPlugin END] Reloading Section: "pre-register/DefaultPlugin of DefaultPlugin [roughlyenoughitems]/" done in 34.04 μs
[00:39:12] [main/TRACE] [REI] [REIPlugin END] Reloading Section: "pre-register/FabricFluidAPISupportPlugin/"
[00:39:12] [main/TRACE] [REI] [REIPlugin END] Reloading Section: "pre-register/FabricFluidAPISupportPlugin/" done in 48.69 μs
[00:39:12] [main/TRACE] [REI] [REIPlugin END] Reloading Section: "pre-register/DefaultRuntimePlugin of DefaultRuntimePlugin [roughlyenoughitems]/"
[00:39:12] [main/TRACE] [REI] [REIPlugin END] Reloading Section: "pre-register/DefaultRuntimePlugin of DefaultRuntimePlugin [roughlyenoughitems]/" done in 41.46 μs
[00:39:12] [main/TRACE] [REI] [REIPlugin END] Reloading Section: "pre-register/AetherREIServerPlugin of AetherREIServerPlugin [aether]/"
[00:39:12] [main/TRACE] [REI] [REIPlugin END] Reloading Section: "pre-register/AetherREIServerPlugin of AetherREIServerPlugin [aether]/" done in 121.7 μs
[00:39:12] [main/TRACE] [REI] [REIPlugin END] Reloading Section: "pre-register/" done in 644.4 μs
[00:39:12] [main/TRACE] [REI] [REIPlugin END] Reloading Section: "pre-stage/"
[00:39:12] [main/TRACE] [REI] [REIPlugin END] Reloading Section: "pre-stage/EntryTypeRegistryImpl/"
[00:39:12] [main/TRACE] [REI] [REIPlugin END] Reloading Section: "pre-stage/EntryTypeRegistryImpl/" done in 28.28 μs
[00:39:12] [main/TRACE] [REI] [REIPlugin END] Reloading Section: "pre-stage/EntrySettingsAdapterRegistryImpl/"
[00:39:12] [main/TRACE] [REI] [REIPlugin END] Reloading Section: "pre-stage/EntrySettingsAdapterRegistryImpl/" done in 126.8 μs
[00:39:12] [main/TRACE] [REI] [REIPlugin END] Reloading Section: "pre-stage/RecipeManagerContextImpl/"
[00:39:12] [main/TRACE] [REI] [REIPlugin END] Reloading Section: "pre-stage/RecipeManagerContextImpl/" done in 38.19 μs
[00:39:12] [main/TRACE] [REI] [REIPlugin END] Reloading Section: "pre-stage/ItemComparatorRegistryImpl/"
[00:39:12] [main/TRACE] [REI] [REIPlugin END] Reloading Section: "pre-stage/ItemComparatorRegistryImpl/" done in 32.83 μs
[00:39:12] [main/TRACE] [REI] [REIPlugin END] Reloading Section: "pre-stage/FluidComparatorRegistryImpl/"
[00:39:12] [main/TRACE] [REI] [REIPlugin END] Reloading Section: "pre-stage/FluidComparatorRegistryImpl/" done in 31.17 μs
[00:39:12] [main/TRACE] [REI] [REIPlugin END] Reloading Section: "pre-stage/DisplaySerializerRegistryImpl/"
[00:39:12] [main/TRACE] [REI] [REIPlugin END] Reloading Section: "pre-stage/DisplaySerializerRegistryImpl/" done in 36.19 μs
[00:39:12] [main/TRACE] [REI] [REIPlugin END] Reloading Section: "pre-stage/FluidSupportProviderImpl/"
[00:39:12] [main/TRACE] [REI] [REIPlugin END] Reloading Section: "pre-stage/FluidSupportProviderImpl/" done in 33.91 μs
[00:39:12] [main/TRACE] [REI] [REIPlugin END] Reloading Section: "pre-stage/" done in 1.010 ms
[00:39:12] [main/DEBUG] [REI] ========================================
[00:39:12] [main/DEBUG] [REI] REIPlugin finished pre-reload for END in 1.764 ms.
[00:39:12] [main/DEBUG] [REI] ========================================
[00:39:12] [main/DEBUG] [REI] ========================================
[00:39:12] [main/DEBUG] [REI] REIServerPlugin starting pre-reload for END.
[00:39:12] [main/DEBUG] [REI] Reloadables (2):
[00:39:12] [main/DEBUG] [REI]  - MenuInfoRegistryImpl
[00:39:12] [main/DEBUG] [REI]  - SlotAccessorRegistryImpl
[00:39:12] [main/DEBUG] [REI] Plugins (4):
[00:39:12] [main/DEBUG] [REI]  - (-100.00) DefaultPlugin of DefaultPlugin [roughlyenoughitems]
[00:39:12] [main/DEBUG] [REI]  - (0.00) FabricFluidAPISupportPlugin
[00:39:12] [main/DEBUG] [REI]  - (0.00) DefaultRuntimePlugin of DefaultRuntimePlugin [roughlyenoughitems]
[00:39:12] [main/DEBUG] [REI]  - (0.00) AetherREIServerPlugin of AetherREIServerPlugin [aether]
[00:39:12] [main/DEBUG] [REI] ========================================
[00:39:12] [main/TRACE] [REI] [REIServerPlugin END] Reloading Section: "pre-register/"
[00:39:12] [main/TRACE] [REI] [REIServerPlugin END] Reloading Section: "pre-register/DefaultPlugin of DefaultPlugin [roughlyenoughitems]/"
[00:39:12] [main/TRACE] [REI] [REIServerPlugin END] Reloading Section: "pre-register/DefaultPlugin of DefaultPlugin [roughlyenoughitems]/" done in 33.57 μs
[00:39:12] [main/TRACE] [REI] [REIServerPlugin END] Reloading Section: "pre-register/FabricFluidAPISupportPlugin/"
[00:39:12] [main/TRACE] [REI] [REIServerPlugin END] Reloading Section: "pre-register/FabricFluidAPISupportPlugin/" done in 591.4 μs
[00:39:12] [main/TRACE] [REI] [REIServerPlugin END] Reloading Section: "pre-register/DefaultRuntimePlugin of DefaultRuntimePlugin [roughlyenoughitems]/"
[00:39:12] [main/TRACE] [REI] [REIServerPlugin END] Reloading Section: "pre-register/DefaultRuntimePlugin of DefaultRuntimePlugin [roughlyenoughitems]/" done in 25.76 μs
[00:39:12] [main/TRACE] [REI] [REIServerPlugin END] Reloading Section: "pre-register/AetherREIServerPlugin of AetherREIServerPlugin [aether]/"
[00:39:12] [main/TRACE] [REI] [REIServerPlugin END] Reloading Section: "pre-register/AetherREIServerPlugin of AetherREIServerPlugin [aether]/" done in 24.54 μs
[00:39:12] [main/TRACE] [REI] [REIServerPlugin END] Reloading Section: "pre-register/" done in 1.026 ms
[00:39:12] [main/TRACE] [REI] [REIServerPlugin END] Reloading Section: "pre-stage/"
[00:39:12] [main/TRACE] [REI] [REIServerPlugin END] Reloading Section: "pre-stage/MenuInfoRegistryImpl/"
[00:39:12] [main/TRACE] [REI] [REIServerPlugin END] Reloading Section: "pre-stage/MenuInfoRegistryImpl/" done in 30.23 μs
[00:39:12] [main/TRACE] [REI] [REIServerPlugin END] Reloading Section: "pre-stage/SlotAccessorRegistryImpl/"
[00:39:12] [main/TRACE] [REI] [REIServerPlugin END] Reloading Section: "pre-stage/SlotAccessorRegistryImpl/" done in 55.83 μs
[00:39:12] [main/TRACE] [REI] [REIServerPlugin END] Reloading Section: "pre-stage/" done in 1.401 ms
[00:39:12] [main/DEBUG] [REI] ========================================
[00:39:12] [main/DEBUG] [REI] REIServerPlugin finished pre-reload for END in 2.890 ms.
[00:39:12] [main/DEBUG] [REI] ========================================
[00:39:12] [main/INFO] [REI] @@@@@@@@@@@@@@@@@@@@@@@@@@@@@@@@@@@@@@@@
[00:39:12] [main/INFO] [REI] REIPlugin starting main-reload for END.
[00:39:12] [main/DEBUG] [REI] Reloadables (7):
[00:39:12] [main/DEBUG] [REI]  - EntryTypeRegistryImpl
[00:39:12] [main/DEBUG] [REI]  - EntrySettingsAdapterRegistryImpl
[00:39:12] [main/DEBUG] [REI]  - RecipeManagerContextImpl
[00:39:12] [main/DEBUG] [REI]  - ItemComparatorRegistryImpl
[00:39:12] [main/DEBUG] [REI]  - FluidComparatorRegistryImpl
[00:39:12] [main/DEBUG] [REI]  - DisplaySerializerRegistryImpl
[00:39:12] [main/DEBUG] [REI]  - FluidSupportProviderImpl
[00:39:12] [main/INFO] [REI] Plugins (4):
[00:39:12] [main/INFO] [REI]  - (-100.00) DefaultPlugin of DefaultPlugin [roughlyenoughitems]
[00:39:12] [main/INFO] [REI]  - (0.00) FabricFluidAPISupportPlugin
[00:39:12] [main/INFO] [REI]  - (0.00) DefaultRuntimePlugin of DefaultRuntimePlugin [roughlyenoughitems]
[00:39:12] [main/INFO] [REI]  - (0.00) AetherREIServerPlugin of AetherREIServerPlugin [aether]
[00:39:12] [main/INFO] [REI] @@@@@@@@@@@@@@@@@@@@@@@@@@@@@@@@@@@@@@@@
[00:39:12] [main/TRACE] [REI] [REIPlugin END] Reloading Section: "start-reload/"
[00:39:12] [main/TRACE] [REI] [REIPlugin END] Reloading Section: "start-reload/EntryTypeRegistryImpl/"
[00:39:12] [main/TRACE] [REI] [REIPlugin END] Reloading Section: "start-reload/EntryTypeRegistryImpl/" done in 25.10 μs
[00:39:12] [main/TRACE] [REI] [REIPlugin END] Reloading Section: "start-reload/EntrySettingsAdapterRegistryImpl/"
[00:39:12] [main/TRACE] [REI] [REIPlugin END] Reloading Section: "start-reload/EntrySettingsAdapterRegistryImpl/" done in 39.02 μs
[00:39:12] [main/TRACE] [REI] [REIPlugin END] Reloading Section: "start-reload/RecipeManagerContextImpl/"
[00:39:12] [main/TRACE] [REI] [REIPlugin END] Reloading Section: "start-reload/RecipeManagerContextImpl/" done in 30.06 μs
[00:39:12] [main/TRACE] [REI] [REIPlugin END] Reloading Section: "start-reload/ItemComparatorRegistryImpl/"
[00:39:12] [main/TRACE] [REI] [REIPlugin END] Reloading Section: "start-reload/ItemComparatorRegistryImpl/" done in 22.99 μs
[00:39:12] [main/TRACE] [REI] [REIPlugin END] Reloading Section: "start-reload/FluidComparatorRegistryImpl/"
[00:39:12] [main/TRACE] [REI] [REIPlugin END] Reloading Section: "start-reload/FluidComparatorRegistryImpl/" done in 23.08 μs
[00:39:12] [main/TRACE] [REI] [REIPlugin END] Reloading Section: "start-reload/DisplaySerializerRegistryImpl/"
[00:39:12] [main/TRACE] [REI] [REIPlugin END] Reloading Section: "start-reload/DisplaySerializerRegistryImpl/" done in 25.57 μs
[00:39:12] [main/TRACE] [REI] [REIPlugin END] Reloading Section: "start-reload/FluidSupportProviderImpl/"
[00:39:12] [main/TRACE] [REI] [REIPlugin END] Reloading Section: "start-reload/FluidSupportProviderImpl/" done in 19.32 μs
[00:39:12] [main/TRACE] [REI] [REIPlugin END] Reloading Section: "start-reload/" done in 620.1 μs
[00:39:12] [main/DEBUG] [REI] ========================================
[00:39:12] [main/DEBUG] [REI] REIPlugin started main-reload for END.
[00:39:12] [main/DEBUG] [REI] ========================================
[00:39:12] [main/TRACE] [REI] [REIPlugin END] Reloading Section: "reloadable-plugin/EntryTypeRegistryImpl/"
[00:39:12] [main/TRACE] [REI] [REIPlugin END] Reloading Section: "reloadable-plugin/EntryTypeRegistryImpl/DefaultPlugin of DefaultPlugin [roughlyenoughitems]/"
[00:39:12] [main/TRACE] [REI] [REIPlugin END] Reloading Section: "reloadable-plugin/EntryTypeRegistryImpl/DefaultPlugin of DefaultPlugin [roughlyenoughitems]/" done in 49.78 μs
[00:39:12] [main/TRACE] [REI] [REIPlugin END] Reloading Section: "reloadable-plugin/EntryTypeRegistryImpl/FabricFluidAPISupportPlugin/"
[00:39:12] [main/TRACE] [REI] [REIPlugin END] Reloading Section: "reloadable-plugin/EntryTypeRegistryImpl/FabricFluidAPISupportPlugin/" done in 26.83 μs
[00:39:12] [main/TRACE] [REI] [REIPlugin END] Reloading Section: "reloadable-plugin/EntryTypeRegistryImpl/DefaultRuntimePlugin of DefaultRuntimePlugin [roughlyenoughitems]/"
[00:39:12] [main/TRACE] [REI] [REIPlugin END] Reloading Section: "reloadable-plugin/EntryTypeRegistryImpl/DefaultRuntimePlugin of DefaultRuntimePlugin [roughlyenoughitems]/" done in 24.22 μs
[00:39:12] [main/TRACE] [REI] [REIPlugin END] Reloading Section: "reloadable-plugin/EntryTypeRegistryImpl/AetherREIServerPlugin of AetherREIServerPlugin [aether]/"
[00:39:12] [main/TRACE] [REI] [REIPlugin END] Reloading Section: "reloadable-plugin/EntryTypeRegistryImpl/AetherREIServerPlugin of AetherREIServerPlugin [aether]/" done in 24.58 μs
[00:39:12] [main/TRACE] [REI] [REIPlugin END] Reloading Section: "reloadable-plugin/EntryTypeRegistryImpl/" done in 363.0 μs
[00:39:12] [main/TRACE] [REI] [REIPlugin END] Reloading Section: "reloadable-plugin/EntrySettingsAdapterRegistryImpl/"
[00:39:12] [main/TRACE] [REI] [REIPlugin END] Reloading Section: "reloadable-plugin/EntrySettingsAdapterRegistryImpl/DefaultPlugin of DefaultPlugin [roughlyenoughitems]/"
[00:39:12] [main/TRACE] [REI] [REIPlugin END] Reloading Section: "reloadable-plugin/EntrySettingsAdapterRegistryImpl/DefaultPlugin of DefaultPlugin [roughlyenoughitems]/" done in 29.91 μs
[00:39:12] [main/TRACE] [REI] [REIPlugin END] Reloading Section: "reloadable-plugin/EntrySettingsAdapterRegistryImpl/FabricFluidAPISupportPlugin/"
[00:39:12] [main/TRACE] [REI] [REIPlugin END] Reloading Section: "reloadable-plugin/EntrySettingsAdapterRegistryImpl/FabricFluidAPISupportPlugin/" done in 27.82 μs
[00:39:12] [main/TRACE] [REI] [REIPlugin END] Reloading Section: "reloadable-plugin/EntrySettingsAdapterRegistryImpl/DefaultRuntimePlugin of DefaultRuntimePlugin [roughlyenoughitems]/"
[00:39:12] [main/TRACE] [REI] [REIPlugin END] Reloading Section: "reloadable-plugin/EntrySettingsAdapterRegistryImpl/DefaultRuntimePlugin of DefaultRuntimePlugin [roughlyenoughitems]/" done in 32.03 μs
[00:39:12] [main/TRACE] [REI] [REIPlugin END] Reloading Section: "reloadable-plugin/EntrySettingsAdapterRegistryImpl/AetherREIServerPlugin of AetherREIServerPlugin [aether]/"
[00:39:12] [main/TRACE] [REI] [REIPlugin END] Reloading Section: "reloadable-plugin/EntrySettingsAdapterRegistryImpl/AetherREIServerPlugin of AetherREIServerPlugin [aether]/" done in 32.80 μs
[00:39:12] [main/TRACE] [REI] [REIPlugin END] Reloading Section: "reloadable-plugin/EntrySettingsAdapterRegistryImpl/" done in 801.9 μs
[00:39:12] [main/TRACE] [REI] [REIPlugin END] Reloading Section: "reloadable-plugin/RecipeManagerContextImpl/"
[00:39:12] [main/TRACE] [REI] [REIPlugin END] Reloading Section: "reloadable-plugin/RecipeManagerContextImpl/DefaultPlugin of DefaultPlugin [roughlyenoughitems]/"
[00:39:12] [main/TRACE] [REI] [REIPlugin END] Reloading Section: "reloadable-plugin/RecipeManagerContextImpl/DefaultPlugin of DefaultPlugin [roughlyenoughitems]/" done in 42.39 μs
[00:39:12] [main/TRACE] [REI] [REIPlugin END] Reloading Section: "reloadable-plugin/RecipeManagerContextImpl/FabricFluidAPISupportPlugin/"
[00:39:12] [main/TRACE] [REI] [REIPlugin END] Reloading Section: "reloadable-plugin/RecipeManagerContextImpl/FabricFluidAPISupportPlugin/" done in 32.76 μs
[00:39:12] [main/TRACE] [REI] [REIPlugin END] Reloading Section: "reloadable-plugin/RecipeManagerContextImpl/DefaultRuntimePlugin of DefaultRuntimePlugin [roughlyenoughitems]/"
[00:39:12] [main/TRACE] [REI] [REIPlugin END] Reloading Section: "reloadable-plugin/RecipeManagerContextImpl/DefaultRuntimePlugin of DefaultRuntimePlugin [roughlyenoughitems]/" done in 27.27 μs
[00:39:12] [main/TRACE] [REI] [REIPlugin END] Reloading Section: "reloadable-plugin/RecipeManagerContextImpl/AetherREIServerPlugin of AetherREIServerPlugin [aether]/"
[00:39:12] [main/TRACE] [REI] [REIPlugin END] Reloading Section: "reloadable-plugin/RecipeManagerContextImpl/AetherREIServerPlugin of AetherREIServerPlugin [aether]/" done in 62.51 μs
[00:39:12] [main/TRACE] [REI] [REIPlugin END] Reloading Section: "reloadable-plugin/RecipeManagerContextImpl/" done in 630.0 μs
[00:39:12] [main/TRACE] [REI] [REIPlugin END] Reloading Section: "reloadable-plugin/ItemComparatorRegistryImpl/"
[00:39:12] [main/TRACE] [REI] [REIPlugin END] Reloading Section: "reloadable-plugin/ItemComparatorRegistryImpl/DefaultPlugin of DefaultPlugin [roughlyenoughitems]/"
[00:39:12] [main/TRACE] [REI] [REIPlugin END] Reloading Section: "reloadable-plugin/ItemComparatorRegistryImpl/DefaultPlugin of DefaultPlugin [roughlyenoughitems]/" done in 87.92 μs
[00:39:12] [main/TRACE] [REI] [REIPlugin END] Reloading Section: "reloadable-plugin/ItemComparatorRegistryImpl/FabricFluidAPISupportPlugin/"
[00:39:12] [main/TRACE] [REI] [REIPlugin END] Reloading Section: "reloadable-plugin/ItemComparatorRegistryImpl/FabricFluidAPISupportPlugin/" done in 44.35 μs
[00:39:12] [main/TRACE] [REI] [REIPlugin END] Reloading Section: "reloadable-plugin/ItemComparatorRegistryImpl/DefaultRuntimePlugin of DefaultRuntimePlugin [roughlyenoughitems]/"
[00:39:12] [main/TRACE] [REI] [REIPlugin END] Reloading Section: "reloadable-plugin/ItemComparatorRegistryImpl/DefaultRuntimePlugin of DefaultRuntimePlugin [roughlyenoughitems]/" done in 55.18 μs
[00:39:12] [main/TRACE] [REI] [REIPlugin END] Reloading Section: "reloadable-plugin/ItemComparatorRegistryImpl/AetherREIServerPlugin of AetherREIServerPlugin [aether]/"
[00:39:12] [main/TRACE] [REI] [REIPlugin END] Reloading Section: "reloadable-plugin/ItemComparatorRegistryImpl/AetherREIServerPlugin of AetherREIServerPlugin [aether]/" done in 56.20 μs
[00:39:12] [main/TRACE] [REI] [REIPlugin END] Reloading Section: "reloadable-plugin/ItemComparatorRegistryImpl/" done in 677.8 μs
[00:39:12] [main/TRACE] [REI] [REIPlugin END] Reloading Section: "reloadable-plugin/FluidComparatorRegistryImpl/"
[00:39:12] [main/TRACE] [REI] [REIPlugin END] Reloading Section: "reloadable-plugin/FluidComparatorRegistryImpl/DefaultPlugin of DefaultPlugin [roughlyenoughitems]/"
[00:39:12] [main/TRACE] [REI] [REIPlugin END] Reloading Section: "reloadable-plugin/FluidComparatorRegistryImpl/DefaultPlugin of DefaultPlugin [roughlyenoughitems]/" done in 58.12 μs
[00:39:12] [main/TRACE] [REI] [REIPlugin END] Reloading Section: "reloadable-plugin/FluidComparatorRegistryImpl/FabricFluidAPISupportPlugin/"
[00:39:12] [main/TRACE] [REI] [REIPlugin END] Reloading Section: "reloadable-plugin/FluidComparatorRegistryImpl/FabricFluidAPISupportPlugin/" done in 43.79 μs
[00:39:12] [main/TRACE] [REI] [REIPlugin END] Reloading Section: "reloadable-plugin/FluidComparatorRegistryImpl/DefaultRuntimePlugin of DefaultRuntimePlugin [roughlyenoughitems]/"
[00:39:12] [main/TRACE] [REI] [REIPlugin END] Reloading Section: "reloadable-plugin/FluidComparatorRegistryImpl/DefaultRuntimePlugin of DefaultRuntimePlugin [roughlyenoughitems]/" done in 51.89 μs
[00:39:12] [main/TRACE] [REI] [REIPlugin END] Reloading Section: "reloadable-plugin/FluidComparatorRegistryImpl/AetherREIServerPlugin of AetherREIServerPlugin [aether]/"
[00:39:12] [main/TRACE] [REI] [REIPlugin END] Reloading Section: "reloadable-plugin/FluidComparatorRegistryImpl/AetherREIServerPlugin of AetherREIServerPlugin [aether]/" done in 31.76 μs
[00:39:12] [main/TRACE] [REI] [REIPlugin END] Reloading Section: "reloadable-plugin/FluidComparatorRegistryImpl/" done in 529.6 μs
[00:39:12] [main/TRACE] [REI] [REIPlugin END] Reloading Section: "reloadable-plugin/DisplaySerializerRegistryImpl/"
[00:39:12] [main/TRACE] [REI] [REIPlugin END] Reloading Section: "reloadable-plugin/DisplaySerializerRegistryImpl/DefaultPlugin of DefaultPlugin [roughlyenoughitems]/"
[00:39:12] [main/TRACE] [REI] [REIPlugin END] Reloading Section: "reloadable-plugin/DisplaySerializerRegistryImpl/DefaultPlugin of DefaultPlugin [roughlyenoughitems]/" done in 21.84 ms
[00:39:12] [main/TRACE] [REI] [REIPlugin END] Reloading Section: "reloadable-plugin/DisplaySerializerRegistryImpl/FabricFluidAPISupportPlugin/"
[00:39:12] [main/TRACE] [REI] [REIPlugin END] Reloading Section: "reloadable-plugin/DisplaySerializerRegistryImpl/FabricFluidAPISupportPlugin/" done in 60.55 μs
[00:39:12] [main/TRACE] [REI] [REIPlugin END] Reloading Section: "reloadable-plugin/DisplaySerializerRegistryImpl/DefaultRuntimePlugin of DefaultRuntimePlugin [roughlyenoughitems]/"
[00:39:12] [main/TRACE] [REI] [REIPlugin END] Reloading Section: "reloadable-plugin/DisplaySerializerRegistryImpl/DefaultRuntimePlugin of DefaultRuntimePlugin [roughlyenoughitems]/" done in 38.50 μs
[00:39:12] [main/TRACE] [REI] [REIPlugin END] Reloading Section: "reloadable-plugin/DisplaySerializerRegistryImpl/AetherREIServerPlugin of AetherREIServerPlugin [aether]/"
[00:39:12] [main/TRACE] [REI] [REIPlugin END] Reloading Section: "reloadable-plugin/DisplaySerializerRegistryImpl/AetherREIServerPlugin of AetherREIServerPlugin [aether]/" done in 833.0 μs
[00:39:12] [main/TRACE] [REI] [REIPlugin END] Reloading Section: "reloadable-plugin/DisplaySerializerRegistryImpl/" done in 23.36 ms
[00:39:12] [main/TRACE] [REI] [REIPlugin END] Reloading Section: "reloadable-plugin/FluidSupportProviderImpl/"
[00:39:12] [main/TRACE] [REI] [REIPlugin END] Reloading Section: "reloadable-plugin/FluidSupportProviderImpl/DefaultPlugin of DefaultPlugin [roughlyenoughitems]/"
[00:39:12] [main/TRACE] [REI] [REIPlugin END] Reloading Section: "reloadable-plugin/FluidSupportProviderImpl/DefaultPlugin of DefaultPlugin [roughlyenoughitems]/" done in 76.40 μs
[00:39:12] [main/TRACE] [REI] [REIPlugin END] Reloading Section: "reloadable-plugin/FluidSupportProviderImpl/FabricFluidAPISupportPlugin/"
[00:39:12] [main/TRACE] [REI] [REIPlugin END] Reloading Section: "reloadable-plugin/FluidSupportProviderImpl/FabricFluidAPISupportPlugin/" done in 38.50 μs
[00:39:12] [main/TRACE] [REI] [REIPlugin END] Reloading Section: "reloadable-plugin/FluidSupportProviderImpl/DefaultRuntimePlugin of DefaultRuntimePlugin [roughlyenoughitems]/"
[00:39:12] [main/TRACE] [REI] [REIPlugin END] Reloading Section: "reloadable-plugin/FluidSupportProviderImpl/DefaultRuntimePlugin of DefaultRuntimePlugin [roughlyenoughitems]/" done in 45.48 μs
[00:39:12] [main/TRACE] [REI] [REIPlugin END] Reloading Section: "reloadable-plugin/FluidSupportProviderImpl/AetherREIServerPlugin of AetherREIServerPlugin [aether]/"
[00:39:12] [main/TRACE] [REI] [REIPlugin END] Reloading Section: "reloadable-plugin/FluidSupportProviderImpl/AetherREIServerPlugin of AetherREIServerPlugin [aether]/" done in 47.07 μs
[00:39:12] [main/TRACE] [REI] [REIPlugin END] Reloading Section: "reloadable-plugin/FluidSupportProviderImpl/" done in 642.4 μs
[00:39:12] [main/DEBUG] [REI] ========================================
[00:39:12] [main/DEBUG] [REI] REIPlugin ending main-reload for END.
[00:39:12] [main/DEBUG] [REI] ========================================
[00:39:12] [main/TRACE] [REI] [REIPlugin END] Reloading Section: "end-reload/"
[00:39:12] [main/TRACE] [REI] [REIPlugin END] Reloading Section: "end-reload/EntryTypeRegistryImpl/"
[00:39:12] [main/TRACE] [REI] [REIPlugin END] Reloading Section: "end-reload/EntryTypeRegistryImpl/" done in 35.41 μs
[00:39:12] [main/TRACE] [REI] [REIPlugin END] Reloading Section: "end-reload/EntrySettingsAdapterRegistryImpl/"
[00:39:12] [main/TRACE] [REI] [REIPlugin END] Reloading Section: "end-reload/EntrySettingsAdapterRegistryImpl/" done in 35.03 μs
[00:39:12] [main/TRACE] [REI] [REIPlugin END] Reloading Section: "end-reload/RecipeManagerContextImpl/"
[00:39:12] [main/TRACE] [REI] [REIPlugin END] Reloading Section: "end-reload/RecipeManagerContextImpl/" done in 33.53 μs
[00:39:12] [main/TRACE] [REI] [REIPlugin END] Reloading Section: "end-reload/ItemComparatorRegistryImpl/"
[00:39:12] [main/TRACE] [REI] [REIPlugin END] Reloading Section: "end-reload/ItemComparatorRegistryImpl/" done in 38.80 μs
[00:39:12] [main/TRACE] [REI] [REIPlugin END] Reloading Section: "end-reload/FluidComparatorRegistryImpl/"
[00:39:12] [main/TRACE] [REI] [REIPlugin END] Reloading Section: "end-reload/FluidComparatorRegistryImpl/" done in 34.15 μs
[00:39:12] [main/TRACE] [REI] [REIPlugin END] Reloading Section: "end-reload/DisplaySerializerRegistryImpl/"
[00:39:12] [main/TRACE] [REI] [REIPlugin END] Reloading Section: "end-reload/DisplaySerializerRegistryImpl/" done in 28.60 μs
[00:39:12] [main/TRACE] [REI] [REIPlugin END] Reloading Section: "end-reload/FluidSupportProviderImpl/"
[00:39:12] [main/TRACE] [REI] [REIPlugin END] Reloading Section: "end-reload/FluidSupportProviderImpl/" done in 34.38 μs
[00:39:12] [main/TRACE] [REI] [REIPlugin END] Reloading Section: "end-reload/" done in 704.1 μs
[00:39:12] [main/DEBUG] [REI] ========================================
[00:39:12] [main/DEBUG] [REI] REIPlugin ended main-reload for END in 33.64 ms.
[00:39:12] [main/DEBUG] [REI] ========================================
[00:39:12] [main/INFO] [REI] OOOOOOOOOOOOOOOOOOOOOOOOOOOOOOOOOOOOOOOO
[00:39:12] [main/INFO] [REI] REIServerPlugin starting main-reload for END.
[00:39:12] [main/DEBUG] [REI] Reloadables (2):
[00:39:12] [main/DEBUG] [REI]  - MenuInfoRegistryImpl
[00:39:12] [main/DEBUG] [REI]  - SlotAccessorRegistryImpl
[00:39:12] [main/INFO] [REI] Plugins (4):
[00:39:12] [main/INFO] [REI]  - (-100.00) DefaultPlugin of DefaultPlugin [roughlyenoughitems]
[00:39:12] [main/INFO] [REI]  - (0.00) FabricFluidAPISupportPlugin
[00:39:12] [main/INFO] [REI]  - (0.00) DefaultRuntimePlugin of DefaultRuntimePlugin [roughlyenoughitems]
[00:39:12] [main/INFO] [REI]  - (0.00) AetherREIServerPlugin of AetherREIServerPlugin [aether]
[00:39:12] [main/INFO] [REI] OOOOOOOOOOOOOOOOOOOOOOOOOOOOOOOOOOOOOOOO
[00:39:12] [main/TRACE] [REI] [REIServerPlugin END] Reloading Section: "start-reload/"
[00:39:12] [main/TRACE] [REI] [REIServerPlugin END] Reloading Section: "start-reload/MenuInfoRegistryImpl/"
[00:39:12] [main/TRACE] [REI] [REIServerPlugin END] Reloading Section: "start-reload/MenuInfoRegistryImpl/" done in 38.50 μs
[00:39:12] [main/TRACE] [REI] [REIServerPlugin END] Reloading Section: "start-reload/SlotAccessorRegistryImpl/"
[00:39:12] [main/TRACE] [REI] [REIServerPlugin END] Reloading Section: "start-reload/SlotAccessorRegistryImpl/" done in 31.57 μs
[00:39:12] [main/TRACE] [REI] [REIServerPlugin END] Reloading Section: "start-reload/" done in 263.6 μs
[00:39:12] [main/DEBUG] [REI] ========================================
[00:39:12] [main/DEBUG] [REI] REIServerPlugin started main-reload for END.
[00:39:12] [main/DEBUG] [REI] ========================================
[00:39:12] [main/TRACE] [REI] [REIServerPlugin END] Reloading Section: "reloadable-plugin/MenuInfoRegistryImpl/"
[00:39:12] [main/TRACE] [REI] [REIServerPlugin END] Reloading Section: "reloadable-plugin/MenuInfoRegistryImpl/DefaultPlugin of DefaultPlugin [roughlyenoughitems]/"
[00:39:12] [main/TRACE] [REI] [REIServerPlugin END] Reloading Section: "reloadable-plugin/MenuInfoRegistryImpl/DefaultPlugin of DefaultPlugin [roughlyenoughitems]/" done in 45.12 μs
[00:39:12] [main/TRACE] [REI] [REIServerPlugin END] Reloading Section: "reloadable-plugin/MenuInfoRegistryImpl/FabricFluidAPISupportPlugin/"
[00:39:12] [main/TRACE] [REI] [REIServerPlugin END] Reloading Section: "reloadable-plugin/MenuInfoRegistryImpl/FabricFluidAPISupportPlugin/" done in 23.43 μs
[00:39:12] [main/TRACE] [REI] [REIServerPlugin END] Reloading Section: "reloadable-plugin/MenuInfoRegistryImpl/DefaultRuntimePlugin of DefaultRuntimePlugin [roughlyenoughitems]/"
[00:39:12] [main/TRACE] [REI] [REIServerPlugin END] Reloading Section: "reloadable-plugin/MenuInfoRegistryImpl/DefaultRuntimePlugin of DefaultRuntimePlugin [roughlyenoughitems]/" done in 135.3 μs
[00:39:12] [main/TRACE] [REI] [REIServerPlugin END] Reloading Section: "reloadable-plugin/MenuInfoRegistryImpl/AetherREIServerPlugin of AetherREIServerPlugin [aether]/"
[00:39:12] [main/TRACE] [REI] [REIServerPlugin END] Reloading Section: "reloadable-plugin/MenuInfoRegistryImpl/AetherREIServerPlugin of AetherREIServerPlugin [aether]/" done in 103.0 μs
[00:39:12] [main/TRACE] [REI] [REIServerPlugin END] Reloading Section: "reloadable-plugin/MenuInfoRegistryImpl/" done in 727.5 μs
[00:39:12] [main/TRACE] [REI] [REIServerPlugin END] Reloading Section: "reloadable-plugin/SlotAccessorRegistryImpl/"
[00:39:12] [main/TRACE] [REI] [REIServerPlugin END] Reloading Section: "reloadable-plugin/SlotAccessorRegistryImpl/DefaultPlugin of DefaultPlugin [roughlyenoughitems]/"
[00:39:12] [main/TRACE] [REI] [REIServerPlugin END] Reloading Section: "reloadable-plugin/SlotAccessorRegistryImpl/DefaultPlugin of DefaultPlugin [roughlyenoughitems]/" done in 39.71 μs
[00:39:12] [main/TRACE] [REI] [REIServerPlugin END] Reloading Section: "reloadable-plugin/SlotAccessorRegistryImpl/FabricFluidAPISupportPlugin/"
[00:39:12] [main/TRACE] [REI] [REIServerPlugin END] Reloading Section: "reloadable-plugin/SlotAccessorRegistryImpl/FabricFluidAPISupportPlugin/" done in 36.75 μs
[00:39:12] [main/TRACE] [REI] [REIServerPlugin END] Reloading Section: "reloadable-plugin/SlotAccessorRegistryImpl/DefaultRuntimePlugin of DefaultRuntimePlugin [roughlyenoughitems]/"
[00:39:12] [main/DEBUG] [REI] Added slot accessor serializer: me.shedaniel.rei.plugin.common.runtime.DefaultRuntimePlugin$1@1e38f666 [roughlyenoughitems:vanilla]
[00:39:12] [main/DEBUG] [REI] Added slot accessor serializer: me.shedaniel.rei.plugin.common.runtime.DefaultRuntimePlugin$2@597fa2d6 [roughlyenoughitems:player]
[00:39:12] [main/TRACE] [REI] [REIServerPlugin END] Reloading Section: "reloadable-plugin/SlotAccessorRegistryImpl/DefaultRuntimePlugin of DefaultRuntimePlugin [roughlyenoughitems]/" done in 1.796 ms
[00:39:12] [main/TRACE] [REI] [REIServerPlugin END] Reloading Section: "reloadable-plugin/SlotAccessorRegistryImpl/AetherREIServerPlugin of AetherREIServerPlugin [aether]/"
[00:39:12] [main/TRACE] [REI] [REIServerPlugin END] Reloading Section: "reloadable-plugin/SlotAccessorRegistryImpl/AetherREIServerPlugin of AetherREIServerPlugin [aether]/" done in 34.74 μs
[00:39:12] [main/TRACE] [REI] [REIServerPlugin END] Reloading Section: "reloadable-plugin/SlotAccessorRegistryImpl/" done in 2.248 ms
[00:39:12] [main/DEBUG] [REI] ========================================
[00:39:12] [main/DEBUG] [REI] REIServerPlugin ending main-reload for END.
[00:39:12] [main/DEBUG] [REI] ========================================
[00:39:12] [main/TRACE] [REI] [REIServerPlugin END] Reloading Section: "end-reload/"
[00:39:12] [main/TRACE] [REI] [REIServerPlugin END] Reloading Section: "end-reload/MenuInfoRegistryImpl/"
[00:39:12] [main/DEBUG] [REI] Registered 0 menu infos
[00:39:12] [main/TRACE] [REI] [REIServerPlugin END] Reloading Section: "end-reload/MenuInfoRegistryImpl/" done in 112.9 μs
[00:39:12] [main/TRACE] [REI] [REIServerPlugin END] Reloading Section: "end-reload/SlotAccessorRegistryImpl/"
[00:39:12] [main/DEBUG] [REI] Registered 2 slot accessor serializers
[00:39:12] [main/TRACE] [REI] [REIServerPlugin END] Reloading Section: "end-reload/SlotAccessorRegistryImpl/" done in 97.85 μs
[00:39:12] [main/TRACE] [REI] [REIServerPlugin END] Reloading Section: "end-reload/" done in 440.5 μs
[00:39:12] [main/DEBUG] [REI] ========================================
[00:39:12] [main/DEBUG] [REI] REIServerPlugin ended main-reload for END in 6.927 ms.
[00:39:12] [main/DEBUG] [REI] ========================================
[00:39:12] [main/DEBUG] [REI] ========================================
[00:39:12] [main/DEBUG] [REI] REIPlugin starting post-reload for END.
[00:39:12] [main/DEBUG] [REI] Reloadables (7):
[00:39:12] [main/DEBUG] [REI]  - EntryTypeRegistryImpl
[00:39:12] [main/DEBUG] [REI]  - EntrySettingsAdapterRegistryImpl
[00:39:12] [main/DEBUG] [REI]  - RecipeManagerContextImpl
[00:39:12] [main/DEBUG] [REI]  - ItemComparatorRegistryImpl
[00:39:12] [main/DEBUG] [REI]  - FluidComparatorRegistryImpl
[00:39:12] [main/DEBUG] [REI]  - DisplaySerializerRegistryImpl
[00:39:12] [main/DEBUG] [REI]  - FluidSupportProviderImpl
[00:39:12] [main/DEBUG] [REI] Plugins (4):
[00:39:12] [main/DEBUG] [REI]  - (-100.00) DefaultPlugin of DefaultPlugin [roughlyenoughitems]
[00:39:12] [main/DEBUG] [REI]  - (0.00) FabricFluidAPISupportPlugin
[00:39:12] [main/DEBUG] [REI]  - (0.00) DefaultRuntimePlugin of DefaultRuntimePlugin [roughlyenoughitems]
[00:39:12] [main/DEBUG] [REI]  - (0.00) AetherREIServerPlugin of AetherREIServerPlugin [aether]
[00:39:12] [main/DEBUG] [REI] ========================================
[00:39:12] [main/TRACE] [REI] [REIPlugin END] Reloading Section: "post-register/"
[00:39:12] [main/TRACE] [REI] [REIPlugin END] Reloading Section: "post-register/DefaultPlugin of DefaultPlugin [roughlyenoughitems]/"
[00:39:12] [main/TRACE] [REI] [REIPlugin END] Reloading Section: "post-register/DefaultPlugin of DefaultPlugin [roughlyenoughitems]/" done in 35.72 μs
[00:39:12] [main/TRACE] [REI] [REIPlugin END] Reloading Section: "post-register/FabricFluidAPISupportPlugin/"
[00:39:12] [main/TRACE] [REI] [REIPlugin END] Reloading Section: "post-register/FabricFluidAPISupportPlugin/" done in 35.12 μs
[00:39:12] [main/TRACE] [REI] [REIPlugin END] Reloading Section: "post-register/DefaultRuntimePlugin of DefaultRuntimePlugin [roughlyenoughitems]/"
[00:39:12] [main/TRACE] [REI] [REIPlugin END] Reloading Section: "post-register/DefaultRuntimePlugin of DefaultRuntimePlugin [roughlyenoughitems]/" done in 34.55 μs
[00:39:12] [main/TRACE] [REI] [REIPlugin END] Reloading Section: "post-register/AetherREIServerPlugin of AetherREIServerPlugin [aether]/"
[00:39:12] [main/TRACE] [REI] [REIPlugin END] Reloading Section: "post-register/AetherREIServerPlugin of AetherREIServerPlugin [aether]/" done in 31.51 μs
[00:39:12] [main/TRACE] [REI] [REIPlugin END] Reloading Section: "post-register/" done in 437.2 μs
[00:39:12] [main/TRACE] [REI] [REIPlugin END] Reloading Section: "post-stage/"
[00:39:12] [main/TRACE] [REI] [REIPlugin END] Reloading Section: "post-stage/EntryTypeRegistryImpl/"
[00:39:12] [main/TRACE] [REI] [REIPlugin END] Reloading Section: "post-stage/EntryTypeRegistryImpl/" done in 34.19 μs
[00:39:12] [main/TRACE] [REI] [REIPlugin END] Reloading Section: "post-stage/EntrySettingsAdapterRegistryImpl/"
[00:39:12] [main/TRACE] [REI] [REIPlugin END] Reloading Section: "post-stage/EntrySettingsAdapterRegistryImpl/" done in 31.63 μs
[00:39:12] [main/TRACE] [REI] [REIPlugin END] Reloading Section: "post-stage/RecipeManagerContextImpl/"
[00:39:12] [main/TRACE] [REI] [REIPlugin END] Reloading Section: "post-stage/RecipeManagerContextImpl/" done in 33.43 μs
[00:39:12] [main/TRACE] [REI] [REIPlugin END] Reloading Section: "post-stage/ItemComparatorRegistryImpl/"
[00:39:12] [main/TRACE] [REI] [REIPlugin END] Reloading Section: "post-stage/ItemComparatorRegistryImpl/" done in 276.2 μs
[00:39:12] [main/TRACE] [REI] [REIPlugin END] Reloading Section: "post-stage/FluidComparatorRegistryImpl/"
[00:39:12] [main/TRACE] [REI] [REIPlugin END] Reloading Section: "post-stage/FluidComparatorRegistryImpl/" done in 29.38 μs
[00:39:12] [main/TRACE] [REI] [REIPlugin END] Reloading Section: "post-stage/DisplaySerializerRegistryImpl/"
[00:39:12] [main/TRACE] [REI] [REIPlugin END] Reloading Section: "post-stage/DisplaySerializerRegistryImpl/" done in 34.22 μs
[00:39:12] [main/TRACE] [REI] [REIPlugin END] Reloading Section: "post-stage/FluidSupportProviderImpl/"
[00:39:12] [main/TRACE] [REI] [REIPlugin END] Reloading Section: "post-stage/FluidSupportProviderImpl/" done in 25.18 μs
[00:39:12] [main/TRACE] [REI] [REIPlugin END] Reloading Section: "post-stage/" done in 916.0 μs
[00:39:12] [main/DEBUG] [REI] ========================================
[00:39:12] [main/INFO] [REI] REIPlugin finished post-reload for END in 1.454 ms, totaling 36.84 ms.
[00:39:12] [main/DEBUG] [REI] ========================================
[00:39:12] [main/DEBUG] [REI] ========================================
[00:39:12] [main/DEBUG] [REI] REIServerPlugin starting post-reload for END.
[00:39:12] [main/DEBUG] [REI] Reloadables (2):
[00:39:12] [main/DEBUG] [REI]  - MenuInfoRegistryImpl
[00:39:12] [main/DEBUG] [REI]  - SlotAccessorRegistryImpl
[00:39:12] [main/DEBUG] [REI] Plugins (4):
[00:39:12] [main/DEBUG] [REI]  - (-100.00) DefaultPlugin of DefaultPlugin [roughlyenoughitems]
[00:39:12] [main/DEBUG] [REI]  - (0.00) FabricFluidAPISupportPlugin
[00:39:12] [main/DEBUG] [REI]  - (0.00) DefaultRuntimePlugin of DefaultRuntimePlugin [roughlyenoughitems]
[00:39:12] [main/DEBUG] [REI]  - (0.00) AetherREIServerPlugin of AetherREIServerPlugin [aether]
[00:39:12] [main/DEBUG] [REI] ========================================
[00:39:12] [main/TRACE] [REI] [REIServerPlugin END] Reloading Section: "post-register/"
[00:39:12] [main/TRACE] [REI] [REIServerPlugin END] Reloading Section: "post-register/DefaultPlugin of DefaultPlugin [roughlyenoughitems]/"
[00:39:12] [main/TRACE] [REI] [REIServerPlugin END] Reloading Section: "post-register/DefaultPlugin of DefaultPlugin [roughlyenoughitems]/" done in 23.27 μs
[00:39:12] [main/TRACE] [REI] [REIServerPlugin END] Reloading Section: "post-register/FabricFluidAPISupportPlugin/"
[00:39:12] [main/TRACE] [REI] [REIServerPlugin END] Reloading Section: "post-register/FabricFluidAPISupportPlugin/" done in 24.15 μs
[00:39:12] [main/TRACE] [REI] [REIServerPlugin END] Reloading Section: "post-register/DefaultRuntimePlugin of DefaultRuntimePlugin [roughlyenoughitems]/"
[00:39:12] [main/TRACE] [REI] [REIServerPlugin END] Reloading Section: "post-register/DefaultRuntimePlugin of DefaultRuntimePlugin [roughlyenoughitems]/" done in 37.06 μs
[00:39:12] [main/TRACE] [REI] [REIServerPlugin END] Reloading Section: "post-register/AetherREIServerPlugin of AetherREIServerPlugin [aether]/"
[00:39:12] [main/TRACE] [REI] [REIServerPlugin END] Reloading Section: "post-register/AetherREIServerPlugin of AetherREIServerPlugin [aether]/" done in 33.52 μs
[00:39:12] [main/TRACE] [REI] [REIServerPlugin END] Reloading Section: "post-register/" done in 415.0 μs
[00:39:12] [main/TRACE] [REI] [REIServerPlugin END] Reloading Section: "post-stage/"
[00:39:12] [main/TRACE] [REI] [REIServerPlugin END] Reloading Section: "post-stage/MenuInfoRegistryImpl/"
[00:39:12] [main/TRACE] [REI] [REIServerPlugin END] Reloading Section: "post-stage/MenuInfoRegistryImpl/" done in 33.49 μs
[00:39:12] [main/TRACE] [REI] [REIServerPlugin END] Reloading Section: "post-stage/SlotAccessorRegistryImpl/"
[00:39:12] [main/TRACE] [REI] [REIServerPlugin END] Reloading Section: "post-stage/SlotAccessorRegistryImpl/" done in 37.35 μs
[00:39:12] [main/TRACE] [REI] [REIServerPlugin END] Reloading Section: "post-stage/" done in 1.127 ms
[00:39:12] [main/DEBUG] [REI] ========================================
[00:39:12] [main/INFO] [REI] REIServerPlugin finished post-reload for END in 1.974 ms, totaling 11.77 ms.
[00:39:12] [main/DEBUG] [REI] ========================================
